2014年 12月 11日 星期四 00:53:01 EST
2014年 12月 11日 星期四 01:00:01 EST
2014年 12月 12日 星期五 01:00:01 EST
2014年 12月 13日 星期六 01:00:01 EST
2014年 12月 14日 星期日 01:00:01 EST
2014年 12月 15日 星期一 01:00:01 EST
2014年 12月 16日 星期二 01:00:01 EST
2014年 12月 17日 星期三 01:00:01 EST
2014年 12月 18日 星期四 01:00:01 EST
2014年 12月 19日 星期五 01:00:01 EST
2014年 12月 20日 星期六 01:00:01 EST
2014年 12月 21日 星期日 01:00:01 EST
2014年 12月 22日 星期一 01:00:01 EST
2014年 12月 23日 星期二 01:00:01 EST
2014年 12月 24日 星期三 01:00:01 EST
2014年 12月 25日 星期四 01:00:01 EST
2014年 12月 26日 星期五 01:00:01 EST
2014年 12月 27日 星期六 01:00:01 EST
2014年 12月 28日 星期日 01:00:01 EST
2014年 12月 29日 星期一 01:00:01 EST
2014年 12月 30日 星期二 01:00:01 EST
2014年 12月 31日 星期三 01:00:01 EST
2015年 01月 01日 星期四 01:00:01 EST
2015年 01月 02日 星期五 01:00:01 EST
2015年 01月 03日 星期六 01:00:01 EST
2015年 01月 04日 星期日 01:00:01 EST
2015年 01月 05日 星期一 01:00:01 EST
2015年 01月 06日 星期二 01:00:01 EST
2015年 01月 07日 星期三 01:00:01 EST
2015年 01月 08日 星期四 01:00:01 EST
2015年 01月 09日 星期五 01:00:01 EST
2015年 01月 10日 星期六 01:00:01 EST
2015年 01月 11日 星期日 01:00:01 EST
2015年 01月 12日 星期一 01:00:01 EST
2015年 01月 13日 星期二 01:00:01 EST
2015年 01月 14日 星期三 01:00:01 EST
2015年 01月 15日 星期四 01:00:01 EST
2015年 01月 16日 星期五 01:00:01 EST
2015年 01月 17日 星期六 01:00:01 EST
2015年 01月 18日 星期日 01:00:01 EST
2015年 01月 19日 星期一 01:00:01 EST
2015年 01月 20日 星期二 01:00:01 EST
2015年 01月 21日 星期三 01:00:01 EST
2015年 01月 22日 星期四 01:00:01 EST
2015年 01月 23日 星期五 01:00:01 EST
2015年 01月 24日 星期六 01:00:01 EST
2015年 01月 25日 星期日 01:00:01 EST
2015年 01月 26日 星期一 01:00:01 EST
2015年 01月 27日 星期二 01:00:01 EST
2015年 01月 28日 星期三 01:00:01 EST
2015年 01月 29日 星期四 01:00:01 EST
2015年 01月 30日 星期五 01:00:01 EST
2015年 01月 31日 星期六 01:00:01 EST
2015年 02月 01日 星期日 01:00:01 EST
2015年 02月 02日 星期一 01:00:01 EST
2015年 02月 03日 星期二 01:00:01 EST
2015年 02月 04日 星期三 01:00:01 EST
2015年 02月 05日 星期四 01:00:01 EST
2015年 02月 06日 星期五 01:00:01 EST
2015年 02月 07日 星期六 01:00:01 EST
2015年 02月 08日 星期日 01:00:01 EST
2015年 02月 09日 星期一 01:00:01 EST
2015年 02月 10日 星期二 01:00:01 EST
2015年 02月 11日 星期三 01:00:01 EST
2015年 02月 12日 星期四 01:00:01 EST
2015年 02月 13日 星期五 01:00:01 EST
2015年 02月 14日 星期六 01:00:01 EST
2015年 02月 15日 星期日 01:00:01 EST
2015年 02月 16日 星期一 01:00:01 EST
2015年 02月 17日 星期二 01:00:01 EST
2015年 02月 18日 星期三 01:00:01 EST
2015年 02月 19日 星期四 01:00:01 EST
2015年 02月 20日 星期五 01:00:01 EST
2015年 02月 21日 星期六 01:00:01 EST
2015年 02月 22日 星期日 01:00:01 EST
2015年 02月 23日 星期一 01:00:01 EST
2015年 02月 24日 星期二 01:00:01 EST
2015年 02月 25日 星期三 01:00:01 EST
2015年 02月 26日 星期四 01:00:01 EST
2015年 02月 27日 星期五 01:00:01 EST
2015年 02月 28日 星期六 01:00:01 EST
2015年 03月 01日 星期日 01:00:01 EST
2015年 03月 02日 星期一 01:00:01 EST
2015年 03月 03日 星期二 01:00:01 EST
2015年 03月 04日 星期三 01:00:01 EST
2015年 03月 05日 星期四 01:00:01 EST
2015年 03月 06日 星期五 01:00:01 EST
2015年 03月 07日 星期六 01:00:01 EST
2015年 03月 08日 星期日 01:00:01 EST
2015年 03月 09日 星期一 01:00:01 EDT
2015年 03月 10日 星期二 01:00:01 EDT
2015年 03月 11日 星期三 01:00:01 EDT
2015年 03月 12日 星期四 01:00:01 EDT
2015年 03月 13日 星期五 01:00:01 EDT
2015年 03月 14日 星期六 01:00:01 EDT
2015年 03月 15日 星期日 01:00:01 EDT
2015年 03月 16日 星期一 01:00:01 EDT
2015年 03月 17日 星期二 01:00:01 EDT
2015年 03月 18日 星期三 01:00:01 EDT
2015年 03月 19日 星期四 01:00:01 EDT
2015年 03月 20日 星期五 01:00:01 EDT
2015年 03月 21日 星期六 01:00:01 EDT
2015年 03月 22日 星期日 01:00:01 EDT
2015年 03月 23日 星期一 01:00:01 EDT
2015年 03月 24日 星期二 01:00:01 EDT
2015年 03月 25日 星期三 01:00:01 EDT
2015年 03月 26日 星期四 01:00:01 EDT
2015年 03月 27日 星期五 01:00:01 EDT
2015年 03月 28日 星期六 01:00:01 EDT
2015年 03月 29日 星期日 01:00:01 EDT
2015年 03月 30日 星期一 01:00:01 EDT
2015年 03月 31日 星期二 01:00:01 EDT
2015年 04月 01日 星期三 01:00:01 EDT
2015年 04月 02日 星期四 01:00:01 EDT
2015年 04月 03日 星期五 01:00:01 EDT
2015年 04月 04日 星期六 01:00:01 EDT
2015年 04月 05日 星期日 01:00:01 EDT
2015年 04月 06日 星期一 01:00:01 EDT
2015年 04月 07日 星期二 01:00:01 EDT
2015年 04月 08日 星期三 01:00:01 EDT
2015年 04月 09日 星期四 01:00:02 EDT
2015年 04月 10日 星期五 01:00:01 EDT
2015年 04月 11日 星期六 01:00:01 EDT
2015年 04月 12日 星期日 01:00:01 EDT
2015年 04月 13日 星期一 01:00:01 EDT
2015年 04月 14日 星期二 01:00:01 EDT
2015年 04月 15日 星期三 01:00:01 EDT
2015年 04月 16日 星期四 01:00:01 EDT
2015年 04月 17日 星期五 01:00:01 EDT
2015年 04月 18日 星期六 01:00:01 EDT
2015年 04月 19日 星期日 01:00:01 EDT
2015年 04月 20日 星期一 01:00:01 EDT
2015年 04月 21日 星期二 01:00:01 EDT
2015年 04月 22日 星期三 01:00:01 EDT
2015年 04月 23日 星期四 01:00:01 EDT
2015年 04月 24日 星期五 01:00:01 EDT
2015年 04月 25日 星期六 01:00:01 EDT
2015年 04月 26日 星期日 01:00:01 EDT
2015年 04月 27日 星期一 01:00:01 EDT
2015年 04月 28日 星期二 01:00:01 EDT
2015年 04月 29日 星期三 01:00:01 EDT
2015年 04月 30日 星期四 01:00:01 EDT
2015年 05月 01日 星期五 01:00:01 EDT
2015年 05月 02日 星期六 01:00:02 EDT
2015年 05月 03日 星期日 01:00:01 EDT
2015年 05月 04日 星期一 01:00:01 EDT
2015年 05月 05日 星期二 01:00:01 EDT
2015年 05月 06日 星期三 01:00:01 EDT
2015年 05月 07日 星期四 01:00:01 EDT
2015年 05月 08日 星期五 01:00:01 EDT
2015年 05月 09日 星期六 01:00:01 EDT
2015年 05月 10日 星期日 01:00:01 EDT
2015年 05月 11日 星期一 01:00:01 EDT
2015年 05月 12日 星期二 01:00:01 EDT
2015年 05月 13日 星期三 01:00:01 EDT
2015年 05月 14日 星期四 01:00:01 EDT
2015年 05月 15日 星期五 01:00:01 EDT
2015年 05月 16日 星期六 01:00:01 EDT
2015年 05月 17日 星期日 01:00:01 EDT
2015年 05月 18日 星期一 01:00:01 EDT
2015年 05月 19日 星期二 01:00:01 EDT
2015年 05月 20日 星期三 01:00:01 EDT
2015年 05月 21日 星期四 01:00:01 EDT
2015年 05月 22日 星期五 01:00:02 EDT
2015年 05月 23日 星期六 01:00:01 EDT
2015年 05月 24日 星期日 01:00:01 EDT
2015年 05月 25日 星期一 01:00:01 EDT
2015年 05月 26日 星期二 01:00:01 EDT
2015年 05月 27日 星期三 01:00:01 EDT
2015年 05月 28日 星期四 01:00:01 EDT
2015年 05月 29日 星期五 01:00:01 EDT
2015年 05月 30日 星期六 01:00:01 EDT
2015年 05月 31日 星期日 01:00:01 EDT
2015年 06月 01日 星期一 01:00:01 EDT
2015年 06月 02日 星期二 01:00:01 EDT
2015年 06月 03日 星期三 01:00:01 EDT
2015年 06月 04日 星期四 01:00:01 EDT
2015年 06月 05日 星期五 01:00:01 EDT
2015年 06月 06日 星期六 01:00:01 EDT
2015年 06月 07日 星期日 01:00:01 EDT
2015年 06月 08日 星期一 01:00:01 EDT
2015年 06月 09日 星期二 01:00:01 EDT
2015年 06月 10日 星期三 01:00:01 EDT
2015年 06月 11日 星期四 01:00:01 EDT
2015年 06月 12日 星期五 01:00:01 EDT
2015年 06月 13日 星期六 01:00:01 EDT
2015年 06月 14日 星期日 01:00:01 EDT
2015年 06月 15日 星期一 01:00:01 EDT
2015年 06月 16日 星期二 01:00:01 EDT
2015年 06月 17日 星期三 01:00:01 EDT
2015年 06月 18日 星期四 01:00:01 EDT
2015年 06月 19日 星期五 01:00:01 EDT
2015年 06月 20日 星期六 01:00:01 EDT
2015年 06月 21日 星期日 01:00:01 EDT
2015年 06月 22日 星期一 01:00:01 EDT
2015年 06月 23日 星期二 01:00:01 EDT
2015年 06月 24日 星期三 01:00:01 EDT
2015年 06月 25日 星期四 01:00:01 EDT
2015年 06月 26日 星期五 01:00:01 EDT
2015年 06月 27日 星期六 01:00:01 EDT
2015年 06月 28日 星期日 01:00:01 EDT
2015年 06月 29日 星期一 01:00:01 EDT
2015年 06月 30日 星期二 01:00:01 EDT
2015年 07月 01日 星期三 01:00:01 EDT
2015年 07月 02日 星期四 01:00:01 EDT
2015年 07月 03日 星期五 01:00:01 EDT
2015年 07月 04日 星期六 01:00:01 EDT
2015年 07月 05日 星期日 01:00:01 EDT
2015年 07月 06日 星期一 01:00:01 EDT
2015年 07月 07日 星期二 01:00:01 EDT
2015年 07月 08日 星期三 01:00:01 EDT
2015年 07月 09日 星期四 01:00:01 EDT
2015年 07月 10日 星期五 01:00:01 EDT
2015年 07月 11日 星期六 01:00:01 EDT
2015年 07月 12日 星期日 01:00:01 EDT
2015年 07月 13日 星期一 01:00:01 EDT
2015年 07月 14日 星期二 01:00:01 EDT
2015年 07月 15日 星期三 01:00:01 EDT
2015年 07月 16日 星期四 01:00:01 EDT
2015年 07月 17日 星期五 01:00:01 EDT
2015年 07月 18日 星期六 01:00:01 EDT
2015年 07月 19日 星期日 01:00:01 EDT
2015年 07月 20日 星期一 01:00:01 EDT
2015年 07月 21日 星期二 01:00:01 EDT
2015年 07月 22日 星期三 01:00:01 EDT
2015年 07月 23日 星期四 01:00:01 EDT
2015年 07月 24日 星期五 01:00:01 EDT
2015年 07月 25日 星期六 01:00:01 EDT
2015年 07月 26日 星期日 01:00:01 EDT
2015年 07月 27日 星期一 01:00:01 EDT
2015年 07月 28日 星期二 01:00:01 EDT
2015年 07月 29日 星期三 01:00:01 EDT
2015年 07月 30日 星期四 01:00:02 EDT
2015年 07月 31日 星期五 01:00:01 EDT
2015年 08月 01日 星期六 01:00:01 EDT
2015年 08月 02日 星期日 01:00:01 EDT
2015年 08月 03日 星期一 01:00:01 EDT
2015年 08月 04日 星期二 01:00:01 EDT
2015年 08月 05日 星期三 01:00:01 EDT
2015年 08月 06日 星期四 01:00:01 EDT
2015年 08月 07日 星期五 01:00:01 EDT
2015年 08月 08日 星期六 01:00:01 EDT
2015年 08月 09日 星期日 01:00:01 EDT
2015年 08月 10日 星期一 01:00:01 EDT
2015年 08月 11日 星期二 01:00:01 EDT
2015年 08月 12日 星期三 01:00:01 EDT
2015年 08月 13日 星期四 01:00:01 EDT
2015年 08月 14日 星期五 01:00:01 EDT
2015年 08月 15日 星期六 01:00:01 EDT
2015年 08月 16日 星期日 01:00:01 EDT
2015年 08月 17日 星期一 01:00:01 EDT
2015年 08月 18日 星期二 01:00:01 EDT
2015年 08月 19日 星期三 01:00:01 EDT
2015年 08月 20日 星期四 01:00:01 EDT
2015年 08月 21日 星期五 01:00:01 EDT
2015年 08月 22日 星期六 01:00:01 EDT
2015年 08月 23日 星期日 01:00:01 EDT
2015年 08月 24日 星期一 01:00:01 EDT
2015年 08月 25日 星期二 01:00:01 EDT
2015年 08月 26日 星期三 01:00:02 EDT
2015年 08月 27日 星期四 01:00:01 EDT
2015年 08月 28日 星期五 01:00:01 EDT
2015年 08月 29日 星期六 01:00:01 EDT
2015年 08月 30日 星期日 01:00:01 EDT
2015年 08月 31日 星期一 01:00:01 EDT
2015年 09月 01日 星期二 01:00:01 EDT
2015年 09月 02日 星期三 01:00:01 EDT
2015年 09月 03日 星期四 01:00:01 EDT
2015年 09月 04日 星期五 01:00:01 EDT
2015年 09月 05日 星期六 01:00:01 EDT
2015年 09月 06日 星期日 01:00:01 EDT
2015年 09月 07日 星期一 01:00:01 EDT
2015年 09月 08日 星期二 01:00:02 EDT
2015年 09月 09日 星期三 01:00:01 EDT
2015年 09月 10日 星期四 01:00:01 EDT
2015年 09月 11日 星期五 01:00:01 EDT
2015年 09月 12日 星期六 01:00:01 EDT
2015年 09月 13日 星期日 01:00:01 EDT
2015年 09月 14日 星期一 01:00:01 EDT
2015年 09月 15日 星期二 01:00:01 EDT
2015年 09月 16日 星期三 01:00:01 EDT
2015年 09月 17日 星期四 01:00:01 EDT
2015年 09月 18日 星期五 01:00:01 EDT
2015年 09月 19日 星期六 01:00:01 EDT
2015年 09月 20日 星期日 01:00:01 EDT
2015年 09月 21日 星期一 01:00:01 EDT
2015年 09月 22日 星期二 01:00:01 EDT
2015年 09月 23日 星期三 01:00:01 EDT
2015年 09月 24日 星期四 01:00:01 EDT
2015年 09月 25日 星期五 01:00:01 EDT
2015年 09月 26日 星期六 01:00:01 EDT
2015年 09月 27日 星期日 01:00:01 EDT
2015年 09月 28日 星期一 01:00:01 EDT
2015年 09月 29日 星期二 01:00:01 EDT
2015年 09月 30日 星期三 01:00:01 EDT
2015年 10月 01日 星期四 01:00:01 EDT
2015年 10月 02日 星期五 01:00:01 EDT
2015年 10月 03日 星期六 01:00:01 EDT
2015年 10月 04日 星期日 01:00:01 EDT
2015年 10月 05日 星期一 01:00:01 EDT
2015年 10月 06日 星期二 01:00:01 EDT
2015年 10月 07日 星期三 01:00:01 EDT
2015年 10月 08日 星期四 01:00:01 EDT
2015年 10月 09日 星期五 01:00:01 EDT
2015年 10月 10日 星期六 01:00:01 EDT
2015年 10月 11日 星期日 01:00:01 EDT
2015年 10月 12日 星期一 01:00:01 EDT
2015年 10月 13日 星期二 01:00:01 EDT
2015年 10月 14日 星期三 01:00:01 EDT
2015年 10月 15日 星期四 01:00:01 EDT
2015年 10月 16日 星期五 01:00:01 EDT
2015年 10月 17日 星期六 01:00:01 EDT
2015年 10月 18日 星期日 01:00:01 EDT
2015年 10月 19日 星期一 01:00:01 EDT
2015年 10月 20日 星期二 01:00:01 EDT
2015年 10月 21日 星期三 01:00:01 EDT
2015年 10月 22日 星期四 01:00:01 EDT
2015年 10月 23日 星期五 01:00:01 EDT
2015年 10月 24日 星期六 01:00:01 EDT
2015年 10月 25日 星期日 01:00:01 EDT
2015年 10月 26日 星期一 01:00:01 EDT
2015年 10月 27日 星期二 01:00:01 EDT
2015年 10月 28日 星期三 01:00:01 EDT
2015年 10月 29日 星期四 01:00:01 EDT
2015年 10月 30日 星期五 01:00:01 EDT
2015年 10月 31日 星期六 01:00:01 EDT
2015年 11月 01日 星期日 01:00:01 EDT
2015年 11月 02日 星期一 01:00:01 EST
2015年 11月 03日 星期二 01:00:02 EST
2015年 11月 04日 星期三 01:00:01 EST
2015年 11月 05日 星期四 01:00:01 EST
2015年 11月 06日 星期五 01:00:01 EST
2015年 11月 07日 星期六 01:00:01 EST
2015年 11月 08日 星期日 01:00:01 EST
2015年 11月 09日 星期一 01:00:01 EST
2015年 11月 10日 星期二 01:00:01 EST
2015年 11月 11日 星期三 01:00:01 EST
2015年 11月 12日 星期四 01:00:01 EST
2015年 11月 13日 星期五 01:00:01 EST
2015年 11月 14日 星期六 01:00:01 EST
2015年 11月 15日 星期日 01:00:02 EST
2015年 11月 16日 星期一 01:00:01 EST
2015年 11月 17日 星期二 01:00:01 EST
2015年 11月 18日 星期三 01:00:01 EST
2015年 11月 19日 星期四 01:00:01 EST
2015年 11月 20日 星期五 01:00:01 EST
2015年 11月 21日 星期六 01:00:01 EST
2015年 11月 22日 星期日 01:00:01 EST
2015年 11月 23日 星期一 01:00:01 EST
2015年 11月 24日 星期二 01:00:01 EST
2015年 11月 25日 星期三 01:00:01 EST
2015年 11月 26日 星期四 01:00:01 EST
2015年 11月 27日 星期五 01:00:01 EST
2015年 11月 28日 星期六 01:00:01 EST
2015年 11月 29日 星期日 01:00:01 EST
2015年 11月 30日 星期一 01:00:01 EST
2015年 12月 01日 星期二 01:00:01 EST
2015年 12月 02日 星期三 01:00:01 EST
2015年 12月 03日 星期四 01:00:01 EST
2015年 12月 04日 星期五 01:00:01 EST
2015年 12月 05日 星期六 01:00:01 EST
2015年 12月 06日 星期日 01:00:01 EST
2015年 12月 07日 星期一 01:00:01 EST
2015年 12月 08日 星期二 01:00:01 EST
2015年 12月 09日 星期三 01:00:01 EST
2015年 12月 10日 星期四 01:00:01 EST
2015年 12月 11日 星期五 01:00:01 EST
2015年 12月 12日 星期六 01:00:01 EST
2015年 12月 13日 星期日 01:00:01 EST
2015年 12月 14日 星期一 01:00:01 EST
2015年 12月 15日 星期二 01:00:01 EST
2015年 12月 16日 星期三 01:00:01 EST
2015年 12月 17日 星期四 01:00:01 EST
2015年 12月 18日 星期五 01:00:01 EST
2015年 12月 19日 星期六 01:00:01 EST
2015年 12月 20日 星期日 01:00:01 EST
2015年 12月 21日 星期一 01:00:01 EST
2015年 12月 22日 星期二 01:00:01 EST
2015年 12月 23日 星期三 01:00:01 EST
2015年 12月 24日 星期四 01:00:01 EST
2015年 12月 25日 星期五 01:00:01 EST
2015年 12月 26日 星期六 01:00:01 EST
2015年 12月 27日 星期日 01:00:01 EST
2015年 12月 28日 星期一 01:00:01 EST
2015年 12月 29日 星期二 01:00:01 EST
2015年 12月 30日 星期三 01:00:01 EST
2015年 12月 31日 星期四 01:00:01 EST
2016年 01月 01日 星期五 01:00:01 EST
2016年 01月 02日 星期六 01:00:01 EST
2016年 01月 03日 星期日 01:00:01 EST
2016年 01月 04日 星期一 01:00:01 EST
2016年 01月 05日 星期二 01:00:01 EST
2016年 01月 06日 星期三 01:00:01 EST
2016年 01月 07日 星期四 01:00:01 EST
2016年 01月 08日 星期五 01:00:01 EST
2016年 01月 09日 星期六 01:00:01 EST
2016年 01月 10日 星期日 01:00:01 EST
2016年 01月 11日 星期一 01:00:01 EST
2016年 01月 12日 星期二 01:00:01 EST
2016年 01月 13日 星期三 01:00:01 EST
2016年 01月 14日 星期四 01:00:01 EST
2016年 01月 15日 星期五 01:00:01 EST
2016年 01月 16日 星期六 01:00:01 EST
2016年 01月 17日 星期日 01:00:01 EST
2016年 01月 18日 星期一 01:00:01 EST
2016年 01月 19日 星期二 01:00:01 EST
2016年 01月 20日 星期三 01:00:01 EST
2016年 01月 21日 星期四 01:00:01 EST
2016年 01月 22日 星期五 01:00:01 EST
2016年 01月 23日 星期六 01:00:01 EST
2016年 01月 24日 星期日 01:00:01 EST
2016年 01月 25日 星期一 01:00:01 EST
2016年 01月 26日 星期二 01:00:01 EST
2016年 01月 27日 星期三 01:00:01 EST
2016年 01月 28日 星期四 01:00:01 EST
2016年 01月 29日 星期五 01:00:01 EST
2016年 01月 30日 星期六 01:00:01 EST
2016年 01月 31日 星期日 01:00:01 EST
2016年 02月 01日 星期一 01:00:01 EST
2016年 02月 02日 星期二 01:00:01 EST
2016年 02月 03日 星期三 01:00:01 EST
2016年 02月 04日 星期四 01:00:01 EST
2016年 02月 05日 星期五 01:00:01 EST
2016年 02月 06日 星期六 01:00:01 EST
2016年 02月 07日 星期日 01:00:01 EST
2016年 02月 08日 星期一 01:00:01 EST
2016年 02月 09日 星期二 01:00:01 EST
2016年 02月 10日 星期三 01:00:01 EST
2016年 02月 11日 星期四 01:00:01 EST
2016年 02月 12日 星期五 01:00:01 EST
2016年 02月 13日 星期六 01:00:01 EST
2016年 02月 14日 星期日 01:00:01 EST
2016年 02月 15日 星期一 01:00:01 EST
2016年 02月 16日 星期二 01:00:01 EST
2016年 02月 17日 星期三 01:00:01 EST
2016年 02月 18日 星期四 01:00:01 EST
2016年 02月 19日 星期五 01:00:01 EST
2016年 02月 20日 星期六 01:00:01 EST
2016年 02月 21日 星期日 01:00:01 EST
2016年 02月 22日 星期一 01:00:01 EST
2016年 02月 23日 星期二 01:00:01 EST
2016年 02月 24日 星期三 01:00:01 EST
2016年 02月 25日 星期四 01:00:01 EST
2016年 02月 26日 星期五 01:00:01 EST
2016年 02月 27日 星期六 01:00:02 EST
2016年 02月 28日 星期日 01:00:01 EST
2016年 02月 29日 星期一 01:00:01 EST
2016年 03月 01日 星期二 01:00:01 EST
2016年 03月 02日 星期三 01:00:01 EST
2016年 03月 03日 星期四 01:00:01 EST
2016年 03月 04日 星期五 01:00:01 EST
2016年 03月 05日 星期六 01:00:01 EST
2016年 03月 06日 星期日 01:00:01 EST
2016年 03月 07日 星期一 01:00:01 EST
2016年 03月 08日 星期二 01:00:01 EST
2016年 03月 09日 星期三 01:00:01 EST
2016年 03月 10日 星期四 01:00:01 EST
2016年 03月 11日 星期五 01:00:01 EST
2016年 03月 12日 星期六 01:00:01 EST
2016年 03月 13日 星期日 01:00:01 EST
2016年 03月 14日 星期一 01:00:01 EDT
2016年 03月 15日 星期二 01:00:01 EDT
2016年 03月 16日 星期三 01:00:01 EDT
2016年 03月 17日 星期四 01:00:01 EDT
2016年 03月 18日 星期五 01:00:01 EDT
2016年 03月 19日 星期六 01:00:01 EDT
2016年 03月 20日 星期日 01:00:01 EDT
2016年 03月 21日 星期一 01:00:01 EDT
2016年 03月 22日 星期二 01:00:01 EDT
2016年 03月 23日 星期三 01:00:01 EDT
2016年 03月 24日 星期四 01:00:01 EDT
2016年 03月 25日 星期五 01:00:01 EDT
2016年 03月 26日 星期六 01:00:01 EDT
2016年 03月 27日 星期日 01:00:01 EDT
2016年 03月 28日 星期一 01:00:01 EDT
2016年 03月 29日 星期二 01:00:01 EDT
2016年 03月 30日 星期三 01:00:01 EDT
2016年 03月 31日 星期四 01:00:01 EDT
2016年 04月 01日 星期五 01:00:01 EDT
2016年 04月 02日 星期六 01:00:01 EDT
2016年 04月 03日 星期日 01:00:01 EDT
2016年 04月 04日 星期一 01:00:01 EDT
2016年 04月 05日 星期二 01:00:01 EDT
2016年 04月 06日 星期三 01:00:01 EDT
2016年 04月 07日 星期四 01:00:01 EDT
2016年 04月 08日 星期五 01:00:01 EDT
2016年 04月 09日 星期六 01:00:01 EDT
2016年 04月 10日 星期日 01:00:01 EDT
2016年 04月 11日 星期一 01:00:01 EDT
2016年 04月 12日 星期二 01:00:01 EDT
2016年 04月 13日 星期三 01:00:01 EDT
2016年 04月 14日 星期四 01:00:01 EDT
2016年 04月 15日 星期五 01:00:01 EDT
2016年 04月 16日 星期六 01:00:01 EDT
2016年 04月 17日 星期日 01:00:01 EDT
2016年 04月 18日 星期一 01:00:01 EDT
2016年 04月 19日 星期二 01:00:01 EDT
2016年 04月 20日 星期三 01:00:01 EDT
2016年 04月 21日 星期四 01:00:01 EDT
2016年 04月 22日 星期五 01:00:01 EDT
2016年 04月 23日 星期六 01:00:01 EDT
2016年 04月 24日 星期日 01:00:01 EDT
2016年 04月 25日 星期一 01:00:01 EDT
2016年 04月 26日 星期二 01:00:01 EDT
2016年 04月 27日 星期三 01:00:01 EDT
2016年 04月 28日 星期四 01:00:01 EDT
2016年 04月 29日 星期五 01:00:01 EDT
2016年 04月 30日 星期六 01:00:01 EDT
2016年 05月 01日 星期日 01:00:01 EDT
2016年 05月 02日 星期一 01:00:01 EDT
2016年 05月 03日 星期二 01:00:01 EDT
2016年 05月 04日 星期三 01:00:01 EDT
2016年 05月 05日 星期四 01:00:01 EDT
2016年 05月 06日 星期五 01:00:01 EDT
2016年 05月 07日 星期六 01:00:01 EDT
2016年 05月 08日 星期日 01:00:01 EDT
2016年 05月 09日 星期一 01:00:01 EDT
2016年 05月 10日 星期二 01:00:01 EDT
2016年 05月 11日 星期三 01:00:01 EDT
2016年 05月 12日 星期四 01:00:01 EDT
2016年 05月 13日 星期五 01:00:01 EDT
2016年 05月 14日 星期六 01:00:01 EDT
2016年 05月 15日 星期日 01:00:01 EDT
2016年 05月 16日 星期一 01:00:01 EDT
2016年 05月 17日 星期二 01:00:01 EDT
2016年 05月 18日 星期三 01:00:01 EDT
2016年 05月 19日 星期四 01:00:01 EDT
2016年 05月 20日 星期五 01:00:01 EDT
2016年 05月 21日 星期六 01:00:01 EDT
2016年 05月 22日 星期日 01:00:01 EDT
2016年 05月 23日 星期一 01:00:01 EDT
2016年 05月 24日 星期二 01:00:01 EDT
2016年 05月 25日 星期三 01:00:01 EDT
2016年 05月 26日 星期四 01:00:01 EDT
2016年 05月 27日 星期五 01:00:01 EDT
2016年 05月 28日 星期六 01:00:01 EDT
2016年 05月 29日 星期日 01:00:01 EDT
2016年 05月 30日 星期一 01:00:01 EDT
2016年 05月 31日 星期二 01:00:01 EDT
2016年 06月 01日 星期三 01:00:01 EDT
2016年 06月 02日 星期四 01:00:01 EDT
2016年 06月 03日 星期五 01:00:01 EDT
2016年 06月 04日 星期六 01:00:01 EDT
2016年 06月 05日 星期日 01:00:01 EDT
2016年 06月 06日 星期一 01:00:01 EDT
2016年 06月 07日 星期二 01:00:01 EDT
2016年 06月 08日 星期三 01:00:01 EDT
2016年 06月 09日 星期四 01:00:01 EDT
2016年 06月 10日 星期五 01:00:01 EDT
2016年 06月 11日 星期六 01:00:02 EDT
2016年 06月 12日 星期日 01:00:01 EDT
2016年 06月 13日 星期一 01:00:01 EDT
2016年 06月 14日 星期二 01:00:01 EDT
2016年 06月 15日 星期三 01:00:01 EDT
2016年 06月 16日 星期四 01:00:01 EDT
2016年 06月 17日 星期五 01:00:01 EDT
2016年 06月 18日 星期六 01:00:01 EDT
2016年 06月 19日 星期日 01:00:01 EDT
2016年 06月 20日 星期一 01:00:01 EDT
2016年 06月 21日 星期二 01:00:01 EDT
2016年 06月 22日 星期三 01:00:01 EDT
2016年 06月 23日 星期四 01:00:01 EDT
2016年 06月 24日 星期五 01:00:01 EDT
2016年 06月 25日 星期六 01:00:01 EDT
2016年 06月 26日 星期日 01:00:01 EDT
2016年 06月 27日 星期一 01:00:01 EDT
2016年 06月 28日 星期二 01:00:01 EDT
2016年 06月 29日 星期三 01:00:01 EDT
2016年 06月 30日 星期四 01:00:01 EDT
2016年 07月 01日 星期五 01:00:02 EDT
2016年 07月 02日 星期六 01:00:01 EDT
2016年 07月 03日 星期日 01:00:01 EDT
2016年 07月 04日 星期一 01:00:01 EDT
2016年 07月 05日 星期二 01:00:02 EDT
2016年 07月 06日 星期三 01:00:01 EDT
2016年 07月 07日 星期四 01:00:01 EDT
2016年 07月 08日 星期五 01:00:01 EDT
2016年 07月 09日 星期六 01:00:01 EDT
2016年 07月 10日 星期日 01:00:01 EDT
2016年 07月 11日 星期一 01:00:01 EDT
2016年 07月 12日 星期二 01:00:01 EDT
2016年 07月 13日 星期三 01:00:01 EDT
2016年 07月 14日 星期四 01:00:01 EDT
2016年 07月 15日 星期五 01:00:01 EDT
2016年 07月 16日 星期六 01:00:01 EDT
2016年 07月 17日 星期日 01:00:02 EDT
2016年 07月 18日 星期一 01:00:01 EDT
2016年 07月 19日 星期二 01:00:01 EDT
2016年 07月 20日 星期三 01:00:01 EDT
2016年 07月 21日 星期四 01:00:01 EDT
2016年 07月 22日 星期五 01:00:01 EDT
2016年 07月 23日 星期六 01:00:01 EDT
2016年 07月 24日 星期日 01:00:01 EDT
2016年 07月 25日 星期一 01:00:01 EDT
2016年 07月 26日 星期二 01:00:01 EDT
2016年 07月 27日 星期三 01:00:01 EDT
2016年 07月 28日 星期四 01:00:01 EDT
2016年 07月 29日 星期五 01:00:01 EDT
2016年 07月 30日 星期六 01:00:01 EDT
2016年 07月 31日 星期日 01:00:01 EDT
2016年 08月 01日 星期一 01:00:01 EDT
2016年 08月 02日 星期二 01:00:01 EDT
2016年 08月 03日 星期三 01:00:01 EDT
2016年 08月 04日 星期四 01:00:01 EDT
2016年 08月 05日 星期五 01:00:01 EDT
2016年 08月 06日 星期六 01:00:01 EDT
2016年 08月 07日 星期日 01:00:02 EDT
2016年 08月 08日 星期一 01:00:01 EDT
2016年 08月 09日 星期二 01:00:01 EDT
2016年 08月 10日 星期三 01:00:01 EDT
2016年 08月 11日 星期四 01:00:01 EDT
2016年 08月 12日 星期五 01:00:01 EDT
2016年 08月 13日 星期六 01:00:01 EDT
2016年 08月 14日 星期日 01:00:01 EDT
2016年 08月 15日 星期一 01:00:01 EDT
2016年 08月 16日 星期二 01:00:01 EDT
2016年 08月 17日 星期三 01:00:01 EDT
2016年 08月 18日 星期四 01:00:01 EDT
2016年 08月 19日 星期五 01:00:01 EDT
2016年 08月 20日 星期六 01:00:01 EDT
2016年 08月 21日 星期日 01:00:01 EDT
2016年 08月 22日 星期一 01:00:01 EDT
2016年 08月 23日 星期二 01:00:01 EDT
2016年 08月 24日 星期三 01:00:01 EDT
2016年 08月 25日 星期四 01:00:01 EDT
2016年 08月 26日 星期五 01:00:01 EDT
2016年 08月 27日 星期六 01:00:01 EDT
2016年 08月 28日 星期日 01:00:01 EDT
2016年 08月 29日 星期一 01:00:01 EDT
2016年 08月 30日 星期二 01:00:01 EDT
2016年 08月 31日 星期三 01:00:01 EDT
2016年 09月 01日 星期四 01:00:01 EDT
2016年 09月 02日 星期五 01:00:01 EDT
2016年 09月 03日 星期六 01:00:01 EDT
2016年 09月 04日 星期日 01:00:01 EDT
2016年 09月 05日 星期一 01:00:01 EDT
2016年 09月 06日 星期二 01:00:01 EDT
2016年 09月 07日 星期三 01:00:02 EDT
2016年 09月 08日 星期四 01:00:01 EDT
2016年 09月 09日 星期五 01:00:01 EDT
2016年 09月 10日 星期六 01:00:01 EDT
2016年 09月 11日 星期日 01:00:01 EDT
2016年 09月 12日 星期一 01:00:01 EDT
2016年 09月 13日 星期二 01:00:01 EDT
2016年 09月 14日 星期三 01:00:01 EDT
2016年 09月 15日 星期四 01:00:01 EDT
2016年 09月 16日 星期五 01:00:01 EDT
2016年 09月 17日 星期六 01:00:01 EDT
2016年 09月 18日 星期日 01:00:01 EDT
2016年 09月 19日 星期一 01:00:01 EDT
2016年 09月 20日 星期二 01:00:01 EDT
2016年 09月 21日 星期三 01:00:01 EDT
2016年 09月 22日 星期四 01:00:01 EDT
2016年 09月 23日 星期五 01:00:01 EDT
2016年 09月 24日 星期六 01:00:01 EDT
2016年 09月 25日 星期日 01:00:01 EDT
2016年 09月 26日 星期一 01:00:01 EDT
2016年 09月 27日 星期二 01:00:02 EDT
2016年 09月 28日 星期三 01:00:01 EDT
2016年 09月 29日 星期四 01:00:01 EDT
2016年 09月 30日 星期五 01:00:01 EDT
2016年 10月 01日 星期六 01:00:01 EDT
2016年 10月 02日 星期日 01:00:01 EDT
2016年 10月 03日 星期一 01:00:01 EDT
2016年 10月 04日 星期二 01:00:01 EDT
2016年 10月 05日 星期三 01:00:01 EDT
2016年 10月 06日 星期四 01:00:01 EDT
2016年 10月 07日 星期五 01:00:01 EDT
2016年 10月 08日 星期六 01:00:01 EDT
2016年 10月 09日 星期日 01:00:01 EDT
2016年 10月 10日 星期一 01:00:01 EDT
2016年 10月 11日 星期二 01:00:01 EDT
2016年 10月 12日 星期三 01:00:01 EDT
2016年 10月 13日 星期四 01:00:01 EDT
2016年 10月 14日 星期五 01:00:01 EDT
2016年 10月 15日 星期六 01:00:01 EDT
2016年 10月 16日 星期日 01:00:01 EDT
2016年 10月 17日 星期一 01:00:01 EDT
2016年 10月 18日 星期二 01:00:01 EDT
2016年 10月 19日 星期三 01:00:01 EDT
2016年 10月 20日 星期四 01:00:01 EDT
2016年 10月 21日 星期五 01:00:01 EDT
2016年 10月 22日 星期六 01:00:01 EDT
2016年 10月 23日 星期日 01:00:01 EDT
2016年 10月 24日 星期一 01:00:01 EDT
2016年 10月 25日 星期二 01:00:01 EDT
2016年 10月 26日 星期三 01:00:01 EDT
2016年 10月 27日 星期四 01:00:01 EDT
2016年 10月 28日 星期五 01:00:01 EDT
2016年 10月 29日 星期六 01:00:01 EDT
2016年 10月 30日 星期日 01:00:01 EDT
2016年 10月 31日 星期一 01:00:01 EDT
2016年 11月 01日 星期二 01:00:01 EDT
2016年 11月 02日 星期三 01:00:01 EDT
2016年 11月 03日 星期四 01:00:01 EDT
2016年 11月 04日 星期五 01:00:01 EDT
2016年 11月 05日 星期六 01:00:01 EDT
2016年 11月 06日 星期日 01:00:01 EDT
2016年 11月 07日 星期一 01:00:01 EST
2016年 11月 08日 星期二 01:00:01 EST
2016年 11月 09日 星期三 01:00:01 EST
2016年 11月 10日 星期四 01:00:01 EST
2016年 11月 11日 星期五 01:00:01 EST
2016年 11月 12日 星期六 01:00:01 EST
2016年 11月 13日 星期日 01:00:01 EST
2016年 11月 14日 星期一 01:00:01 EST
2016年 11月 15日 星期二 01:00:01 EST
2016年 11月 16日 星期三 01:00:01 EST
2016年 11月 17日 星期四 01:00:01 EST
2016年 11月 18日 星期五 01:00:01 EST
2016年 11月 19日 星期六 01:00:01 EST
2016年 11月 20日 星期日 01:00:01 EST
2016年 11月 21日 星期一 01:00:01 EST
2016年 11月 22日 星期二 01:00:01 EST
2016年 11月 23日 星期三 01:00:01 EST
2016年 11月 24日 星期四 01:00:01 EST
2016年 11月 25日 星期五 01:00:01 EST
2016年 11月 26日 星期六 01:00:01 EST
2016年 11月 27日 星期日 01:00:01 EST
2016年 11月 28日 星期一 01:00:01 EST
2016年 11月 29日 星期二 01:00:01 EST
2016年 11月 30日 星期三 01:00:01 EST
2016年 12月 01日 星期四 01:00:01 EST
2016年 12月 02日 星期五 01:00:01 EST
2016年 12月 03日 星期六 01:00:01 EST
2016年 12月 04日 星期日 01:00:01 EST
2016年 12月 05日 星期一 01:00:01 EST
2016年 12月 06日 星期二 01:00:01 EST
2016年 12月 07日 星期三 01:00:01 EST
2016年 12月 08日 星期四 01:00:01 EST
2016年 12月 09日 星期五 01:00:01 EST
2016年 12月 10日 星期六 01:00:01 EST
2016年 12月 11日 星期日 01:00:01 EST
2016年 12月 12日 星期一 01:00:01 EST
2016年 12月 13日 星期二 01:00:01 EST
2016年 12月 14日 星期三 01:00:01 EST
2016年 12月 15日 星期四 01:00:01 EST
2016年 12月 16日 星期五 01:00:01 EST
2016年 12月 17日 星期六 01:00:01 EST
2016年 12月 18日 星期日 01:00:01 EST
2016年 12月 19日 星期一 01:00:01 EST
2016年 12月 20日 星期二 01:00:01 EST
2016年 12月 21日 星期三 01:00:01 EST
2016年 12月 22日 星期四 01:00:01 EST
2016年 12月 23日 星期五 01:00:01 EST
2016年 12月 24日 星期六 01:00:01 EST
2016年 12月 25日 星期日 01:00:01 EST
2016年 12月 26日 星期一 01:00:01 EST
2016年 12月 27日 星期二 01:00:01 EST
2016年 12月 28日 星期三 01:00:01 EST
2016年 12月 29日 星期四 01:00:01 EST
2016年 12月 30日 星期五 01:00:01 EST
2016年 12月 31日 星期六 01:00:01 EST
2017年 01月 01日 星期日 01:00:01 EST
2017年 01月 02日 星期一 01:00:01 EST
2017年 01月 03日 星期二 01:00:01 EST
2017年 01月 04日 星期三 01:00:01 EST
2017年 01月 05日 星期四 01:00:01 EST
2017年 01月 06日 星期五 01:00:01 EST
2017年 01月 07日 星期六 01:00:01 EST
2017年 01月 08日 星期日 01:00:01 EST
2017年 01月 09日 星期一 01:00:01 EST
2017年 01月 10日 星期二 01:00:01 EST
2017年 01月 11日 星期三 01:00:01 EST
2017年 01月 12日 星期四 01:00:01 EST
2017年 01月 13日 星期五 01:00:01 EST
2017年 01月 14日 星期六 01:00:01 EST
2017年 01月 15日 星期日 01:00:01 EST
2017年 01月 16日 星期一 01:00:01 EST
2017年 01月 17日 星期二 01:00:01 EST
2017年 01月 18日 星期三 01:00:01 EST
2017年 01月 19日 星期四 01:00:02 EST
2017年 01月 20日 星期五 01:00:01 EST
2017年 01月 21日 星期六 01:00:01 EST
2017年 01月 22日 星期日 01:00:01 EST
2017年 01月 23日 星期一 01:00:01 EST
2017年 01月 24日 星期二 01:00:01 EST
2017年 01月 25日 星期三 01:00:01 EST
2017年 01月 26日 星期四 01:00:01 EST
2017年 01月 27日 星期五 01:00:01 EST
2017年 01月 28日 星期六 01:00:01 EST
2017年 01月 29日 星期日 01:00:01 EST
2017年 01月 30日 星期一 01:00:01 EST
2017年 01月 31日 星期二 01:00:01 EST
2017年 02月 01日 星期三 01:00:01 EST
2017年 02月 02日 星期四 01:00:01 EST
2017年 02月 03日 星期五 01:00:02 EST
2017年 02月 04日 星期六 01:00:01 EST
2017年 02月 05日 星期日 01:00:01 EST
2017年 02月 06日 星期一 01:00:01 EST
2017年 02月 07日 星期二 01:00:01 EST
2017年 02月 08日 星期三 01:00:01 EST
2017年 02月 09日 星期四 01:00:01 EST
2017年 02月 10日 星期五 01:00:01 EST
2017年 02月 11日 星期六 01:00:01 EST
2017年 02月 12日 星期日 01:00:01 EST
2017年 02月 13日 星期一 01:00:01 EST
2017年 02月 14日 星期二 01:00:01 EST
2017年 02月 15日 星期三 01:00:01 EST
2017年 02月 16日 星期四 01:00:01 EST
2017年 02月 17日 星期五 01:00:01 EST
2017年 02月 18日 星期六 01:00:01 EST
2017年 02月 19日 星期日 01:00:01 EST
2017年 02月 20日 星期一 01:00:01 EST
2017年 02月 21日 星期二 01:00:01 EST
2017年 02月 22日 星期三 01:00:01 EST
2017年 02月 23日 星期四 01:00:01 EST
2017年 02月 24日 星期五 01:00:01 EST
2017年 02月 25日 星期六 01:00:01 EST
2017年 02月 26日 星期日 01:00:01 EST
2017年 02月 27日 星期一 01:00:01 EST
2017年 02月 28日 星期二 01:00:01 EST
2017年 03月 01日 星期三 01:00:01 EST
2017年 03月 02日 星期四 01:00:01 EST
2017年 03月 03日 星期五 01:00:01 EST
2017年 03月 04日 星期六 01:00:01 EST
2017年 03月 05日 星期日 01:00:01 EST
2017年 03月 06日 星期一 01:00:01 EST
2017年 03月 07日 星期二 01:00:01 EST
2017年 03月 08日 星期三 01:00:01 EST
2017年 03月 09日 星期四 01:00:01 EST
2017年 03月 10日 星期五 01:00:01 EST
2017年 03月 11日 星期六 01:00:01 EST
2017年 03月 12日 星期日 01:00:01 EST
2017年 03月 13日 星期一 01:00:01 EDT
2017年 03月 14日 星期二 01:00:01 EDT
2017年 03月 15日 星期三 01:00:01 EDT
2017年 03月 16日 星期四 01:00:01 EDT
2017年 03月 17日 星期五 01:00:01 EDT
2017年 03月 18日 星期六 01:00:01 EDT
2017年 03月 19日 星期日 01:00:01 EDT
2017年 03月 20日 星期一 01:00:01 EDT
2017年 03月 21日 星期二 01:00:01 EDT
2017年 03月 22日 星期三 01:00:01 EDT
2017年 03月 23日 星期四 01:00:01 EDT
2017年 03月 24日 星期五 01:00:01 EDT
2017年 03月 25日 星期六 01:00:01 EDT
2017年 03月 26日 星期日 01:00:01 EDT
2017年 03月 27日 星期一 01:00:01 EDT
2017年 03月 28日 星期二 01:00:01 EDT
2017年 03月 29日 星期三 01:00:01 EDT
2017年 03月 30日 星期四 01:00:01 EDT
2017年 03月 31日 星期五 01:00:01 EDT
2017年 04月 01日 星期六 01:00:01 EDT
2017年 04月 02日 星期日 01:00:01 EDT
2017年 04月 03日 星期一 01:00:01 EDT
2017年 04月 04日 星期二 01:00:01 EDT
2017年 04月 05日 星期三 01:00:01 EDT
2017年 04月 06日 星期四 01:00:01 EDT
2017年 04月 07日 星期五 01:00:01 EDT
2017年 04月 08日 星期六 01:00:01 EDT
2017年 04月 09日 星期日 01:00:01 EDT
2017年 04月 10日 星期一 01:00:01 EDT
2017年 04月 11日 星期二 01:00:01 EDT
2017年 04月 12日 星期三 01:00:01 EDT
2017年 04月 13日 星期四 01:00:01 EDT
2017年 04月 14日 星期五 01:00:01 EDT
2017年 04月 15日 星期六 01:00:01 EDT
2017年 04月 16日 星期日 01:00:01 EDT
2017年 04月 17日 星期一 01:00:01 EDT
2017年 04月 18日 星期二 01:00:01 EDT
2017年 04月 19日 星期三 01:00:01 EDT
2017年 04月 20日 星期四 01:00:01 EDT
2017年 04月 21日 星期五 01:00:01 EDT
2017年 04月 22日 星期六 01:00:01 EDT
2017年 04月 23日 星期日 01:00:01 EDT
2017年 04月 24日 星期一 01:00:01 EDT
2017年 04月 25日 星期二 01:00:01 EDT
2017年 04月 26日 星期三 01:00:01 EDT
2017年 04月 27日 星期四 01:00:01 EDT
2017年 04月 28日 星期五 01:00:01 EDT
2017年 04月 29日 星期六 01:00:01 EDT
2017年 04月 30日 星期日 01:00:01 EDT
2017年 05月 01日 星期一 01:00:01 EDT
2017年 05月 02日 星期二 01:00:01 EDT
2017年 05月 03日 星期三 01:00:01 EDT
2017年 05月 04日 星期四 01:00:01 EDT
2017年 05月 05日 星期五 01:00:01 EDT
2017年 05月 06日 星期六 01:00:01 EDT
2017年 05月 07日 星期日 01:00:02 EDT
2017年 05月 08日 星期一 01:00:01 EDT
2017年 05月 09日 星期二 01:00:01 EDT
2017年 05月 10日 星期三 01:00:01 EDT
2017年 05月 11日 星期四 01:00:01 EDT
2017年 05月 12日 星期五 01:00:01 EDT
2017年 05月 13日 星期六 01:00:01 EDT
2017年 05月 14日 星期日 01:00:01 EDT
2017年 05月 15日 星期一 01:00:01 EDT
2017年 05月 16日 星期二 01:00:01 EDT
2017年 05月 17日 星期三 01:00:01 EDT
2017年 05月 18日 星期四 01:00:01 EDT
2017年 05月 19日 星期五 01:00:01 EDT
2017年 05月 20日 星期六 01:00:01 EDT
2017年 05月 21日 星期日 01:00:01 EDT
2017年 05月 22日 星期一 01:00:01 EDT
2017年 05月 23日 星期二 01:00:01 EDT
2017年 05月 24日 星期三 01:00:01 EDT
2017年 05月 25日 星期四 01:00:01 EDT
2017年 05月 26日 星期五 01:00:01 EDT
2017年 05月 27日 星期六 01:00:02 EDT
2017年 05月 28日 星期日 01:00:01 EDT
2017年 05月 29日 星期一 01:00:01 EDT
2017年 05月 30日 星期二 01:00:01 EDT
2017年 05月 31日 星期三 01:00:01 EDT
2017年 06月 01日 星期四 01:00:01 EDT
2017年 06月 02日 星期五 01:00:01 EDT
2017年 06月 03日 星期六 01:00:01 EDT
2017年 06月 04日 星期日 01:00:01 EDT
2017年 06月 05日 星期一 01:00:01 EDT
2017年 06月 06日 星期二 01:00:01 EDT
2017年 06月 07日 星期三 01:00:01 EDT
2017年 06月 08日 星期四 01:00:01 EDT
2017年 06月 09日 星期五 01:00:01 EDT
2017年 06月 10日 星期六 01:00:01 EDT
2017年 06月 11日 星期日 01:00:01 EDT
2017年 06月 12日 星期一 01:00:01 EDT
2017年 06月 13日 星期二 01:00:01 EDT
2017年 06月 14日 星期三 01:00:01 EDT
2017年 06月 15日 星期四 01:00:01 EDT
2017年 06月 16日 星期五 01:00:01 EDT
2017年 06月 17日 星期六 01:00:01 EDT
2017年 06月 18日 星期日 01:00:01 EDT
2017年 06月 19日 星期一 01:00:01 EDT
2017年 06月 20日 星期二 01:00:01 EDT
2017年 06月 21日 星期三 01:00:01 EDT
2017年 06月 22日 星期四 01:00:01 EDT
2017年 06月 23日 星期五 01:00:01 EDT
2017年 06月 24日 星期六 01:00:01 EDT
2017年 06月 25日 星期日 01:00:01 EDT
2017年 06月 26日 星期一 01:00:01 EDT
2017年 06月 27日 星期二 01:00:01 EDT
2017年 06月 28日 星期三 01:00:01 EDT
2017年 06月 29日 星期四 01:00:01 EDT
2017年 06月 30日 星期五 01:00:01 EDT
2017年 07月 01日 星期六 01:00:01 EDT
2017年 07月 02日 星期日 01:00:01 EDT
2017年 07月 03日 星期一 01:00:01 EDT
2017年 07月 04日 星期二 01:00:01 EDT
2017年 07月 05日 星期三 01:00:01 EDT
2017年 07月 06日 星期四 01:00:01 EDT
2017年 07月 07日 星期五 01:00:01 EDT
2017年 07月 08日 星期六 01:00:01 EDT
2017年 07月 09日 星期日 01:00:01 EDT
2017年 07月 10日 星期一 01:00:01 EDT
2017年 07月 11日 星期二 01:00:02 EDT
2017年 07月 12日 星期三 01:00:01 EDT
2017年 07月 13日 星期四 01:00:01 EDT
2017年 07月 14日 星期五 01:00:01 EDT
2017年 07月 15日 星期六 01:00:01 EDT
2017年 07月 16日 星期日 01:00:01 EDT
2017年 07月 17日 星期一 01:00:01 EDT
2017年 07月 18日 星期二 01:00:01 EDT
2017年 07月 19日 星期三 01:00:01 EDT
2017年 07月 20日 星期四 01:00:01 EDT
2017年 07月 21日 星期五 01:00:01 EDT
2017年 07月 22日 星期六 01:00:01 EDT
2017年 07月 23日 星期日 01:00:01 EDT
2017年 07月 24日 星期一 01:00:01 EDT
2017年 07月 25日 星期二 01:00:01 EDT
2017年 07月 26日 星期三 01:00:01 EDT
2017年 07月 27日 星期四 01:00:01 EDT
2017年 07月 28日 星期五 01:00:01 EDT
2017年 07月 29日 星期六 01:00:01 EDT
2017年 07月 30日 星期日 01:00:01 EDT
2017年 07月 31日 星期一 01:00:01 EDT
2017年 08月 01日 星期二 01:00:01 EDT
2017年 08月 02日 星期三 01:00:01 EDT
2017年 08月 03日 星期四 01:00:01 EDT
2017年 08月 04日 星期五 01:00:01 EDT
2017年 08月 05日 星期六 01:00:01 EDT
2017年 08月 06日 星期日 01:00:01 EDT
2017年 08月 07日 星期一 01:00:01 EDT
2017年 08月 08日 星期二 01:00:01 EDT
2017年 08月 09日 星期三 01:00:01 EDT
2017年 08月 10日 星期四 01:00:01 EDT
2017年 08月 11日 星期五 01:00:01 EDT
2017年 08月 12日 星期六 01:00:02 EDT
2017年 08月 13日 星期日 01:00:01 EDT
2017年 08月 14日 星期一 01:00:01 EDT
2017年 08月 15日 星期二 01:00:01 EDT
2017年 08月 16日 星期三 01:00:01 EDT
2017年 08月 17日 星期四 01:00:01 EDT
2017年 08月 18日 星期五 01:00:01 EDT
2017年 08月 19日 星期六 01:00:01 EDT
2017年 08月 20日 星期日 01:00:01 EDT
2017年 08月 21日 星期一 01:00:01 EDT
2017年 08月 22日 星期二 01:00:01 EDT
2017年 08月 23日 星期三 01:00:01 EDT
2017年 08月 24日 星期四 01:00:01 EDT
2017年 08月 25日 星期五 01:00:01 EDT
2017年 08月 26日 星期六 01:00:01 EDT
2017年 08月 27日 星期日 01:00:01 EDT
2017年 08月 28日 星期一 01:00:01 EDT
2017年 08月 29日 星期二 01:00:01 EDT
2017年 08月 30日 星期三 01:00:01 EDT
2017年 08月 31日 星期四 01:00:01 EDT
2017年 09月 01日 星期五 01:00:01 EDT
2017年 09月 02日 星期六 01:00:01 EDT
2017年 09月 03日 星期日 01:00:01 EDT
2017年 09月 04日 星期一 01:00:01 EDT
2017年 09月 05日 星期二 01:00:01 EDT
2017年 09月 06日 星期三 01:00:01 EDT
2017年 09月 07日 星期四 01:00:01 EDT
2017年 09月 08日 星期五 01:00:01 EDT
2017年 09月 09日 星期六 01:00:01 EDT
2017年 09月 10日 星期日 01:00:01 EDT
2017年 09月 11日 星期一 01:00:01 EDT
2017年 09月 12日 星期二 01:00:01 EDT
2017年 09月 13日 星期三 01:00:01 EDT
2017年 09月 14日 星期四 01:00:01 EDT
2017年 09月 15日 星期五 01:00:01 EDT
2017年 09月 16日 星期六 01:00:01 EDT
2017年 09月 17日 星期日 01:00:01 EDT
2017年 09月 18日 星期一 01:00:01 EDT
2017年 09月 19日 星期二 01:00:01 EDT
2017年 09月 20日 星期三 01:00:01 EDT
2017年 09月 21日 星期四 01:00:01 EDT
2017年 09月 22日 星期五 01:00:01 EDT
2017年 09月 23日 星期六 01:00:01 EDT
2017年 09月 24日 星期日 01:00:01 EDT
2017年 09月 25日 星期一 01:00:01 EDT
2017年 09月 26日 星期二 01:00:01 EDT
2017年 09月 27日 星期三 01:00:02 EDT
2017年 09月 28日 星期四 01:00:01 EDT
2017年 09月 29日 星期五 01:00:01 EDT
2017年 09月 30日 星期六 01:00:01 EDT
2017年 10月 01日 星期日 01:00:01 EDT
2017年 10月 02日 星期一 01:00:01 EDT
2017年 10月 03日 星期二 01:00:01 EDT
2017年 10月 04日 星期三 01:00:01 EDT
2017年 10月 05日 星期四 01:00:01 EDT
2017年 10月 06日 星期五 01:00:01 EDT
2017年 10月 07日 星期六 01:00:01 EDT
2017年 10月 08日 星期日 01:00:01 EDT
2017年 10月 09日 星期一 01:00:01 EDT
2017年 10月 10日 星期二 01:00:01 EDT
2017年 10月 11日 星期三 01:00:01 EDT
2017年 10月 12日 星期四 01:00:01 EDT
2017年 10月 13日 星期五 01:00:01 EDT
2017年 10月 14日 星期六 01:00:01 EDT
2017年 10月 15日 星期日 01:00:01 EDT
2017年 10月 16日 星期一 01:00:01 EDT
2017年 10月 17日 星期二 01:00:01 EDT
2017年 10月 18日 星期三 01:00:01 EDT
2017年 10月 19日 星期四 01:00:01 EDT
2017年 10月 20日 星期五 01:00:01 EDT
2017年 10月 21日 星期六 01:00:01 EDT
2017年 10月 22日 星期日 01:00:01 EDT
2017年 10月 23日 星期一 01:00:01 EDT
2017年 10月 24日 星期二 01:00:01 EDT
2017年 10月 25日 星期三 01:00:01 EDT
2017年 10月 26日 星期四 01:00:01 EDT
2017年 10月 27日 星期五 01:00:01 EDT
2017年 10月 28日 星期六 01:00:01 EDT
2017年 10月 29日 星期日 01:00:01 EDT
2017年 10月 30日 星期一 01:00:01 EDT
2017年 10月 31日 星期二 01:00:01 EDT
2017年 11月 01日 星期三 01:00:01 EDT
2017年 11月 02日 星期四 01:00:01 EDT
2017年 11月 03日 星期五 01:00:01 EDT
2017年 11月 04日 星期六 01:00:01 EDT
2017年 11月 05日 星期日 01:00:01 EDT
2017年 11月 06日 星期一 01:00:01 EST
2017年 11月 07日 星期二 01:00:01 EST
2017年 11月 08日 星期三 01:00:01 EST
2017年 11月 09日 星期四 01:00:01 EST
2017年 11月 10日 星期五 01:00:01 EST
2017年 11月 11日 星期六 01:00:01 EST
2017年 11月 12日 星期日 01:00:01 EST
2017年 11月 13日 星期一 01:00:01 EST
2017年 11月 14日 星期二 01:00:01 EST
2017年 11月 15日 星期三 01:00:01 EST
2017年 11月 16日 星期四 01:00:01 EST
2017年 11月 17日 星期五 01:00:01 EST
2017年 11月 18日 星期六 01:00:01 EST
2017年 11月 19日 星期日 01:00:01 EST
2017年 11月 20日 星期一 01:00:01 EST
2017年 11月 21日 星期二 01:00:01 EST
2017年 11月 22日 星期三 01:00:01 EST
2017年 11月 23日 星期四 01:00:01 EST
2017年 11月 24日 星期五 01:00:01 EST
2017年 11月 25日 星期六 01:00:01 EST
2017年 11月 26日 星期日 01:00:01 EST
2017年 11月 27日 星期一 01:00:01 EST
2017年 11月 28日 星期二 01:00:01 EST
2017年 11月 29日 星期三 01:00:01 EST
2017年 11月 30日 星期四 01:00:01 EST
2017年 12月 01日 星期五 01:00:01 EST
2017年 12月 02日 星期六 01:00:01 EST
2017年 12月 03日 星期日 01:00:01 EST
2017年 12月 04日 星期一 01:00:01 EST
2017年 12月 05日 星期二 01:00:01 EST
2017年 12月 06日 星期三 01:00:01 EST
2017年 12月 07日 星期四 01:00:01 EST
2017年 12月 08日 星期五 01:00:01 EST
2017年 12月 09日 星期六 01:00:01 EST
2017年 12月 10日 星期日 01:00:01 EST
2017年 12月 11日 星期一 01:00:01 EST
2017年 12月 12日 星期二 01:00:01 EST
2017年 12月 13日 星期三 01:00:01 EST
2017年 12月 14日 星期四 01:00:01 EST
2017年 12月 15日 星期五 01:00:01 EST
2017年 12月 16日 星期六 01:00:01 EST
2017年 12月 17日 星期日 01:00:01 EST
2017年 12月 18日 星期一 01:00:01 EST
2017年 12月 19日 星期二 01:00:01 EST
2017年 12月 20日 星期三 01:00:01 EST
2017年 12月 21日 星期四 01:00:01 EST
2017年 12月 22日 星期五 01:00:01 EST
2017年 12月 23日 星期六 01:00:01 EST
2017年 12月 24日 星期日 01:00:01 EST
2017年 12月 25日 星期一 01:00:01 EST
2017年 12月 26日 星期二 01:00:01 EST
2017年 12月 27日 星期三 01:00:01 EST
2017年 12月 28日 星期四 01:00:01 EST
2017年 12月 29日 星期五 01:00:01 EST
2017年 12月 30日 星期六 01:00:02 EST
2017年 12月 31日 星期日 01:00:01 EST
2018年 01月 01日 星期一 01:00:01 EST
2018年 01月 02日 星期二 01:00:01 EST
2018年 01月 03日 星期三 01:00:01 EST
2018年 01月 04日 星期四 01:00:01 EST
2018年 01月 05日 星期五 01:00:01 EST
2018年 01月 06日 星期六 01:00:01 EST
2018年 01月 07日 星期日 01:00:01 EST
2018年 01月 08日 星期一 01:00:01 EST
2018年 01月 09日 星期二 01:00:01 EST
2018年 01月 10日 星期三 01:00:01 EST
2018年 01月 11日 星期四 01:00:01 EST
2018年 01月 12日 星期五 01:00:01 EST
2018年 01月 13日 星期六 01:00:01 EST
2018年 01月 14日 星期日 01:00:01 EST
2018年 01月 15日 星期一 01:00:01 EST
2018年 01月 16日 星期二 01:00:01 EST
2018年 01月 17日 星期三 01:00:01 EST
2018年 01月 18日 星期四 01:00:01 EST
2018年 01月 19日 星期五 01:00:01 EST
2018年 01月 20日 星期六 01:00:01 EST
2018年 01月 21日 星期日 01:00:01 EST
2018年 01月 22日 星期一 01:00:01 EST
2018年 01月 23日 星期二 01:00:01 EST
2018年 01月 24日 星期三 01:00:01 EST
2018年 01月 25日 星期四 01:00:01 EST
2018年 01月 26日 星期五 01:00:01 EST
2018年 01月 27日 星期六 01:00:01 EST
2018年 01月 28日 星期日 01:00:01 EST
2018年 01月 29日 星期一 01:00:01 EST
2018年 01月 30日 星期二 01:00:01 EST
2018年 01月 31日 星期三 01:00:01 EST
2018年 02月 01日 星期四 01:00:01 EST
2018年 02月 02日 星期五 01:00:01 EST
2018年 02月 03日 星期六 01:00:01 EST
2018年 02月 04日 星期日 01:00:01 EST
2018年 02月 05日 星期一 01:00:01 EST
2018年 02月 06日 星期二 01:00:01 EST
2018年 02月 07日 星期三 01:00:01 EST
2018年 02月 08日 星期四 01:00:01 EST
2018年 02月 09日 星期五 01:00:01 EST
2018年 02月 10日 星期六 01:00:01 EST
2018年 02月 11日 星期日 01:00:01 EST
2018年 02月 12日 星期一 01:00:01 EST
2018年 02月 13日 星期二 01:00:01 EST
2018年 02月 14日 星期三 01:00:01 EST
2018年 02月 15日 星期四 01:00:01 EST
2018年 02月 16日 星期五 01:00:01 EST
2018年 02月 17日 星期六 01:00:01 EST
2018年 02月 18日 星期日 01:00:01 EST
2018年 02月 19日 星期一 01:00:01 EST
2018年 02月 20日 星期二 01:00:01 EST
2018年 02月 21日 星期三 01:00:01 EST
2018年 02月 22日 星期四 01:00:01 EST
2018年 02月 23日 星期五 01:00:01 EST
2018年 02月 24日 星期六 01:00:01 EST
2018年 02月 25日 星期日 01:00:01 EST
2018年 02月 26日 星期一 01:00:01 EST
2018年 02月 27日 星期二 01:00:01 EST
2018年 02月 28日 星期三 01:00:01 EST
2018年 03月 01日 星期四 01:00:01 EST
2018年 03月 02日 星期五 01:00:01 EST
2018年 03月 03日 星期六 01:00:01 EST
2018年 03月 04日 星期日 01:00:01 EST
2018年 03月 05日 星期一 01:00:01 EST
2018年 03月 06日 星期二 01:00:01 EST
2018年 03月 07日 星期三 01:00:01 EST
2018年 03月 08日 星期四 01:00:01 EST
2018年 03月 09日 星期五 01:00:01 EST
2018年 03月 10日 星期六 01:00:01 EST
2018年 03月 11日 星期日 01:00:01 EST
2018年 03月 12日 星期一 01:00:01 EDT
2018年 03月 13日 星期二 01:00:01 EDT
2018年 03月 14日 星期三 01:00:01 EDT
2018年 03月 15日 星期四 01:00:01 EDT
2018年 03月 16日 星期五 01:00:01 EDT
2018年 03月 17日 星期六 01:00:01 EDT
2018年 03月 18日 星期日 01:00:01 EDT
2018年 03月 19日 星期一 01:00:01 EDT
2018年 03月 20日 星期二 01:00:01 EDT
2018年 03月 21日 星期三 01:00:01 EDT
2018年 03月 22日 星期四 01:00:01 EDT
2018年 03月 23日 星期五 01:00:01 EDT
2018年 03月 24日 星期六 01:00:01 EDT
2018年 03月 25日 星期日 01:00:01 EDT
2018年 03月 26日 星期一 01:00:01 EDT
2018年 03月 27日 星期二 01:00:01 EDT
2018年 03月 28日 星期三 01:00:01 EDT
2018年 03月 29日 星期四 01:00:01 EDT
2018年 03月 30日 星期五 01:00:01 EDT
2018年 03月 31日 星期六 01:00:01 EDT
2018年 04月 01日 星期日 01:00:01 EDT
2018年 04月 02日 星期一 01:00:01 EDT
2018年 04月 03日 星期二 01:00:01 EDT
2018年 04月 04日 星期三 01:00:01 EDT
2018年 04月 05日 星期四 01:00:01 EDT
2018年 04月 06日 星期五 01:00:01 EDT
2018年 04月 07日 星期六 01:00:01 EDT
2018年 04月 08日 星期日 01:00:01 EDT
2018年 04月 09日 星期一 01:00:01 EDT
2018年 04月 10日 星期二 01:00:01 EDT
2018年 04月 11日 星期三 01:00:01 EDT
2018年 04月 12日 星期四 01:00:01 EDT
2018年 04月 13日 星期五 01:00:01 EDT
2018年 04月 14日 星期六 01:00:01 EDT
2018年 04月 15日 星期日 01:00:01 EDT
2018年 04月 16日 星期一 01:00:01 EDT
2018年 04月 17日 星期二 01:00:01 EDT
2018年 04月 18日 星期三 01:00:01 EDT
2018年 04月 19日 星期四 01:00:01 EDT
2018年 04月 20日 星期五 01:00:01 EDT
2018年 04月 21日 星期六 01:00:01 EDT
2018年 04月 22日 星期日 01:00:01 EDT
2018年 04月 23日 星期一 01:00:01 EDT
2018年 04月 24日 星期二 01:00:01 EDT
2018年 04月 25日 星期三 01:00:01 EDT
2018年 04月 26日 星期四 01:00:01 EDT
2018年 04月 27日 星期五 01:00:01 EDT
2018年 04月 28日 星期六 01:00:01 EDT
2018年 04月 29日 星期日 01:00:01 EDT
2018年 04月 30日 星期一 01:00:01 EDT
2018年 05月 01日 星期二 01:00:01 EDT
2018年 05月 02日 星期三 01:00:01 EDT
2018年 05月 03日 星期四 01:00:01 EDT
2018年 05月 04日 星期五 01:00:01 EDT
2018年 05月 05日 星期六 01:00:01 EDT
2018年 05月 06日 星期日 01:00:01 EDT
2018年 05月 07日 星期一 01:00:01 EDT
2018年 05月 08日 星期二 01:00:02 EDT
2018年 05月 09日 星期三 01:00:01 EDT
2018年 05月 10日 星期四 01:00:01 EDT
2018年 05月 11日 星期五 01:00:01 EDT
2018年 05月 12日 星期六 01:00:01 EDT
2018年 05月 13日 星期日 01:00:01 EDT
2018年 05月 14日 星期一 01:00:01 EDT
2018年 05月 15日 星期二 01:00:01 EDT
2018年 05月 16日 星期三 01:00:01 EDT
2018年 05月 17日 星期四 01:00:01 EDT
2018年 05月 18日 星期五 01:00:01 EDT
2018年 05月 19日 星期六 01:00:01 EDT
2018年 05月 20日 星期日 01:00:01 EDT
2018年 05月 21日 星期一 01:00:01 EDT
2018年 05月 22日 星期二 01:00:01 EDT
2018年 05月 23日 星期三 01:00:01 EDT
2018年 05月 24日 星期四 01:00:01 EDT
2018年 05月 25日 星期五 01:00:01 EDT
2018年 05月 26日 星期六 01:00:01 EDT
2018年 05月 27日 星期日 01:00:01 EDT
2018年 05月 28日 星期一 01:00:01 EDT
2018年 05月 29日 星期二 01:00:01 EDT
2018年 05月 30日 星期三 01:00:01 EDT
2018年 05月 31日 星期四 01:00:01 EDT
2018年 06月 01日 星期五 01:00:01 EDT
2018年 06月 02日 星期六 01:00:01 EDT
2018年 06月 03日 星期日 01:00:01 EDT
2018年 06月 04日 星期一 01:00:01 EDT
2018年 06月 05日 星期二 01:00:01 EDT
2018年 06月 06日 星期三 01:00:01 EDT
2018年 06月 07日 星期四 01:00:01 EDT
2018年 06月 08日 星期五 01:00:01 EDT
2018年 06月 09日 星期六 01:00:01 EDT
2018年 06月 10日 星期日 01:00:01 EDT
2018年 06月 11日 星期一 01:00:01 EDT
2018年 06月 12日 星期二 01:00:01 EDT
2018年 06月 13日 星期三 01:00:01 EDT
2018年 06月 14日 星期四 01:00:01 EDT
2018年 06月 15日 星期五 01:00:01 EDT
2018年 06月 16日 星期六 01:00:01 EDT
2018年 06月 17日 星期日 01:00:01 EDT
2018年 06月 18日 星期一 01:00:01 EDT
2018年 06月 19日 星期二 01:00:01 EDT
2018年 06月 20日 星期三 01:00:01 EDT
2018年 06月 21日 星期四 01:00:01 EDT
2018年 06月 22日 星期五 01:00:01 EDT
2018年 06月 23日 星期六 01:00:01 EDT
2018年 06月 24日 星期日 01:00:01 EDT
2018年 06月 25日 星期一 01:00:02 EDT
2018年 06月 26日 星期二 01:00:01 EDT
2018年 06月 27日 星期三 01:00:02 EDT
2018年 06月 28日 星期四 01:00:01 EDT
2018年 06月 29日 星期五 01:00:01 EDT
2018年 06月 30日 星期六 01:00:01 EDT
2018年 07月 01日 星期日 01:00:01 EDT
2018年 07月 02日 星期一 01:00:01 EDT
2018年 07月 03日 星期二 01:00:01 EDT
2018年 07月 04日 星期三 01:00:01 EDT
2018年 07月 05日 星期四 01:00:01 EDT
2018年 07月 06日 星期五 01:00:01 EDT
2018年 07月 07日 星期六 01:00:01 EDT
2018年 07月 08日 星期日 01:00:01 EDT
2018年 07月 09日 星期一 01:00:01 EDT
2018年 07月 10日 星期二 01:00:01 EDT
2018年 07月 11日 星期三 01:00:01 EDT
2018年 07月 12日 星期四 01:00:01 EDT
2018年 07月 13日 星期五 01:00:01 EDT
2018年 07月 14日 星期六 01:00:01 EDT
2018年 07月 15日 星期日 01:00:01 EDT
2018年 07月 16日 星期一 01:00:01 EDT
2018年 07月 17日 星期二 01:00:01 EDT
2018年 07月 18日 星期三 01:00:01 EDT
2018年 07月 19日 星期四 01:00:01 EDT
2018年 07月 20日 星期五 01:00:01 EDT
2018年 07月 21日 星期六 01:00:01 EDT
2018年 07月 22日 星期日 01:00:01 EDT
2018年 07月 23日 星期一 01:00:01 EDT
2018年 07月 24日 星期二 01:00:01 EDT
2018年 07月 25日 星期三 01:00:01 EDT
2018年 07月 26日 星期四 01:00:01 EDT
2018年 07月 27日 星期五 01:00:01 EDT
2018年 07月 28日 星期六 01:00:01 EDT
2018年 07月 29日 星期日 01:00:01 EDT
2018年 07月 30日 星期一 01:00:01 EDT
2018年 07月 31日 星期二 01:00:01 EDT
2018年 08月 01日 星期三 01:00:01 EDT
2018年 08月 02日 星期四 01:00:01 EDT
2018年 08月 03日 星期五 01:00:01 EDT
2018年 08月 04日 星期六 01:00:01 EDT
2018年 08月 05日 星期日 01:00:01 EDT
2018年 08月 06日 星期一 01:00:01 EDT
2018年 08月 07日 星期二 01:00:01 EDT
2018年 08月 08日 星期三 01:00:01 EDT
2018年 08月 09日 星期四 01:00:01 EDT
2018年 08月 10日 星期五 01:00:01 EDT
2018年 08月 11日 星期六 01:00:01 EDT
2018年 08月 12日 星期日 01:00:01 EDT
2018年 08月 13日 星期一 01:00:01 EDT
2018年 08月 14日 星期二 01:00:01 EDT
2018年 08月 15日 星期三 01:00:01 EDT
2018年 08月 16日 星期四 01:00:01 EDT
2018年 08月 17日 星期五 01:00:01 EDT
2018年 08月 18日 星期六 01:00:01 EDT
2018年 08月 19日 星期日 01:00:01 EDT
2018年 08月 20日 星期一 01:00:01 EDT
2018年 08月 21日 星期二 01:00:01 EDT
2018年 08月 22日 星期三 01:00:01 EDT
2018年 08月 23日 星期四 01:00:01 EDT
2018年 08月 24日 星期五 01:00:01 EDT
2018年 08月 25日 星期六 01:00:01 EDT
2018年 08月 26日 星期日 01:00:01 EDT
2018年 08月 27日 星期一 01:00:01 EDT
2018年 08月 28日 星期二 01:00:01 EDT
2018年 08月 29日 星期三 01:00:01 EDT
2018年 08月 30日 星期四 01:00:01 EDT
2018年 08月 31日 星期五 01:00:01 EDT
2018年 09月 01日 星期六 01:00:01 EDT
2018年 09月 02日 星期日 01:00:01 EDT
2018年 09月 03日 星期一 01:00:01 EDT
2018年 09月 04日 星期二 01:00:01 EDT
2018年 09月 05日 星期三 01:00:01 EDT
2018年 09月 06日 星期四 01:00:01 EDT
2018年 09月 07日 星期五 01:00:01 EDT
2018年 09月 08日 星期六 01:00:01 EDT
2018年 09月 09日 星期日 01:00:01 EDT
2018年 09月 10日 星期一 01:00:01 EDT
2018年 09月 11日 星期二 01:00:01 EDT
2018年 09月 12日 星期三 01:00:01 EDT
2018年 09月 13日 星期四 01:00:01 EDT
2018年 09月 14日 星期五 01:00:01 EDT
2018年 09月 15日 星期六 01:00:01 EDT
2018年 09月 16日 星期日 01:00:01 EDT
2018年 09月 17日 星期一 01:00:01 EDT
2018年 09月 18日 星期二 01:00:01 EDT
2018年 09月 19日 星期三 01:00:01 EDT
2018年 09月 20日 星期四 01:00:01 EDT
2018年 09月 21日 星期五 01:00:01 EDT
2018年 09月 22日 星期六 01:00:01 EDT
2018年 09月 23日 星期日 01:00:01 EDT
2018年 09月 24日 星期一 01:00:01 EDT
2018年 09月 25日 星期二 01:00:01 EDT
2018年 09月 26日 星期三 01:00:01 EDT
2018年 09月 27日 星期四 01:00:01 EDT
2018年 09月 28日 星期五 01:00:01 EDT
2018年 09月 29日 星期六 01:00:01 EDT
2018年 09月 30日 星期日 01:00:01 EDT
2018年 10月 01日 星期一 01:00:01 EDT
2018年 10月 02日 星期二 01:00:01 EDT
2018年 10月 03日 星期三 01:00:01 EDT
2018年 10月 04日 星期四 01:00:01 EDT
2018年 10月 05日 星期五 01:00:01 EDT
2018年 10月 06日 星期六 01:00:01 EDT
2018年 10月 07日 星期日 01:00:01 EDT
2018年 10月 08日 星期一 01:00:01 EDT
2018年 10月 09日 星期二 01:00:01 EDT
2018年 10月 10日 星期三 01:00:01 EDT
2018年 10月 11日 星期四 01:00:01 EDT
2018年 10月 12日 星期五 01:00:01 EDT
2018年 10月 13日 星期六 01:00:01 EDT
2018年 10月 14日 星期日 01:00:01 EDT
2018年 10月 15日 星期一 01:00:01 EDT
2018年 10月 16日 星期二 01:00:01 EDT
2018年 10月 17日 星期三 01:00:01 EDT
2018年 10月 18日 星期四 01:00:01 EDT
2018年 10月 19日 星期五 01:00:01 EDT
2018年 10月 20日 星期六 01:00:01 EDT
2018年 10月 21日 星期日 01:00:01 EDT
2018年 10月 22日 星期一 01:00:01 EDT
2018年 10月 23日 星期二 01:00:01 EDT
2018年 10月 24日 星期三 01:00:02 EDT
2018年 10月 25日 星期四 01:00:01 EDT
2018年 10月 26日 星期五 01:00:01 EDT
2018年 10月 27日 星期六 01:00:01 EDT
2018年 10月 28日 星期日 01:00:01 EDT
2018年 10月 29日 星期一 01:00:01 EDT
2018年 10月 30日 星期二 01:00:01 EDT
2018年 10月 31日 星期三 01:00:01 EDT
2018年 11月 01日 星期四 01:00:01 EDT
2018年 11月 02日 星期五 01:00:01 EDT
2018年 11月 03日 星期六 01:00:01 EDT
2018年 11月 04日 星期日 01:00:01 EDT
2018年 11月 05日 星期一 01:00:01 EST
2018年 11月 06日 星期二 01:00:01 EST
2018年 11月 07日 星期三 01:00:01 EST
2018年 11月 08日 星期四 01:00:01 EST
2018年 11月 09日 星期五 01:00:01 EST
2018年 11月 10日 星期六 01:00:01 EST
2018年 11月 11日 星期日 01:00:01 EST
2018年 11月 12日 星期一 01:00:01 EST
2018年 11月 13日 星期二 01:00:01 EST
2018年 11月 14日 星期三 01:00:01 EST
2018年 11月 15日 星期四 01:00:01 EST
2018年 11月 16日 星期五 01:00:01 EST
2018年 11月 17日 星期六 01:00:01 EST
2018年 11月 18日 星期日 01:00:01 EST
2018年 11月 19日 星期一 01:00:01 EST
2018年 11月 20日 星期二 01:00:01 EST
2018年 11月 21日 星期三 01:00:01 EST
2018年 11月 22日 星期四 01:00:01 EST
2018年 11月 23日 星期五 01:00:01 EST
2018年 11月 24日 星期六 01:00:01 EST
2018年 11月 25日 星期日 01:00:01 EST
2018年 11月 26日 星期一 01:00:01 EST
2018年 11月 27日 星期二 01:00:01 EST
2018年 11月 28日 星期三 01:00:01 EST
2018年 11月 29日 星期四 01:00:01 EST
2018年 11月 30日 星期五 01:00:01 EST
2018年 12月 01日 星期六 01:00:01 EST
2018年 12月 02日 星期日 01:00:01 EST
2018年 12月 03日 星期一 01:00:01 EST
2018年 12月 04日 星期二 01:00:01 EST
2018年 12月 05日 星期三 01:00:01 EST
2018年 12月 06日 星期四 01:00:01 EST
2018年 12月 07日 星期五 01:00:01 EST
2018年 12月 08日 星期六 01:00:01 EST
2018年 12月 09日 星期日 01:00:01 EST
2018年 12月 10日 星期一 01:00:01 EST
2018年 12月 11日 星期二 01:00:01 EST
2018年 12月 12日 星期三 01:00:01 EST
2018年 12月 13日 星期四 01:00:01 EST
2018年 12月 14日 星期五 01:00:01 EST
2018年 12月 15日 星期六 01:00:01 EST
2018年 12月 16日 星期日 01:00:01 EST
2018年 12月 17日 星期一 01:00:01 EST
2018年 12月 18日 星期二 01:00:01 EST
2018年 12月 19日 星期三 01:00:01 EST
2018年 12月 20日 星期四 01:00:01 EST
2018年 12月 21日 星期五 01:00:01 EST
2018年 12月 22日 星期六 01:00:01 EST
2018年 12月 23日 星期日 01:00:01 EST
2018年 12月 24日 星期一 01:00:01 EST
2018年 12月 25日 星期二 01:00:01 EST
2018年 12月 26日 星期三 01:00:01 EST
2018年 12月 27日 星期四 01:00:01 EST
2018年 12月 28日 星期五 01:00:01 EST
2018年 12月 29日 星期六 01:00:01 EST
2018年 12月 30日 星期日 01:00:01 EST
2018年 12月 31日 星期一 01:00:01 EST
2019年 01月 01日 星期二 01:00:01 EST
2019年 01月 02日 星期三 01:00:01 EST
2019年 01月 03日 星期四 01:00:01 EST
2019年 01月 04日 星期五 01:00:01 EST
2019年 01月 05日 星期六 01:00:01 EST
2019年 01月 06日 星期日 01:00:01 EST
2019年 01月 07日 星期一 01:00:01 EST
2019年 01月 08日 星期二 01:00:01 EST
2019年 01月 09日 星期三 01:00:01 EST
2019年 01月 10日 星期四 01:00:01 EST
2019年 01月 11日 星期五 01:00:01 EST
2019年 01月 12日 星期六 01:00:01 EST
2019年 01月 13日 星期日 01:00:01 EST
2019年 01月 14日 星期一 01:00:01 EST
2019年 01月 15日 星期二 01:00:01 EST
2019年 01月 16日 星期三 01:00:01 EST
2019年 01月 17日 星期四 01:00:01 EST
2019年 01月 18日 星期五 01:00:01 EST
2019年 01月 19日 星期六 01:00:01 EST
2019年 01月 20日 星期日 01:00:01 EST
2019年 01月 21日 星期一 01:00:01 EST
2019年 01月 22日 星期二 01:00:01 EST
2019年 01月 23日 星期三 01:00:01 EST
2019年 01月 24日 星期四 01:00:01 EST
2019年 01月 25日 星期五 01:00:01 EST
2019年 01月 26日 星期六 01:00:01 EST
2019年 01月 27日 星期日 01:00:01 EST
2019年 01月 28日 星期一 01:00:01 EST
2019年 01月 29日 星期二 01:00:01 EST
2019年 01月 30日 星期三 01:00:01 EST
2019年 01月 31日 星期四 01:00:01 EST
2019年 02月 01日 星期五 01:00:01 EST
2019年 02月 02日 星期六 01:00:01 EST
2019年 02月 03日 星期日 01:00:01 EST
2019年 02月 04日 星期一 01:00:01 EST
2019年 02月 05日 星期二 01:00:01 EST
2019年 02月 06日 星期三 01:00:01 EST
2019年 02月 07日 星期四 01:00:01 EST
2019年 02月 08日 星期五 01:00:01 EST
2019年 02月 09日 星期六 01:00:01 EST
2019年 02月 10日 星期日 01:00:01 EST
2019年 02月 11日 星期一 01:00:01 EST
2019年 02月 12日 星期二 01:00:01 EST
2019年 02月 13日 星期三 01:00:01 EST
2019年 02月 14日 星期四 01:00:01 EST
2019年 02月 15日 星期五 01:00:01 EST
2019年 02月 16日 星期六 01:00:01 EST
2019年 02月 17日 星期日 01:00:01 EST
2019年 02月 18日 星期一 01:00:01 EST
2019年 02月 19日 星期二 01:00:01 EST
2019年 02月 20日 星期三 01:00:01 EST
2019年 02月 21日 星期四 01:00:01 EST
2019年 02月 22日 星期五 01:00:01 EST
2019年 02月 23日 星期六 01:00:01 EST
2019年 02月 24日 星期日 01:00:01 EST
2019年 02月 25日 星期一 01:00:01 EST
2019年 02月 26日 星期二 01:00:01 EST
2019年 02月 27日 星期三 01:00:01 EST
2019年 02月 28日 星期四 01:00:01 EST
2019年 03月 01日 星期五 01:00:01 EST
2019年 03月 02日 星期六 01:00:01 EST
2019年 03月 03日 星期日 01:00:01 EST
2019年 03月 04日 星期一 01:00:01 EST
2019年 03月 05日 星期二 01:00:01 EST
2019年 03月 06日 星期三 01:00:01 EST
2019年 03月 07日 星期四 01:00:01 EST
2019年 03月 08日 星期五 01:00:01 EST
2019年 03月 09日 星期六 01:00:01 EST
2019年 03月 10日 星期日 01:00:01 EST
2019年 03月 11日 星期一 01:00:01 EDT
2019年 03月 12日 星期二 01:00:01 EDT
2019年 03月 13日 星期三 01:00:01 EDT
2019年 03月 14日 星期四 01:00:01 EDT
2019年 03月 15日 星期五 01:00:01 EDT
2019年 03月 16日 星期六 01:00:01 EDT
2019年 03月 17日 星期日 01:00:01 EDT
2019年 03月 18日 星期一 01:00:01 EDT
2019年 03月 19日 星期二 01:00:01 EDT
2019年 03月 20日 星期三 01:00:01 EDT
2019年 03月 21日 星期四 01:00:01 EDT
2019年 03月 22日 星期五 01:00:01 EDT
2019年 03月 23日 星期六 01:00:01 EDT
2019年 03月 24日 星期日 01:00:01 EDT
2019年 03月 25日 星期一 01:00:01 EDT
2019年 03月 26日 星期二 01:00:01 EDT
2019年 03月 27日 星期三 01:00:01 EDT
2019年 03月 28日 星期四 01:00:01 EDT
2019年 03月 29日 星期五 01:00:01 EDT
2019年 03月 30日 星期六 01:00:01 EDT
2019年 03月 31日 星期日 01:00:01 EDT
2019年 04月 01日 星期一 01:00:01 EDT
2019年 04月 02日 星期二 01:00:01 EDT
2019年 04月 03日 星期三 01:00:01 EDT
2019年 04月 04日 星期四 01:00:01 EDT
2019年 04月 05日 星期五 01:00:01 EDT
2019年 04月 06日 星期六 01:00:01 EDT
2019年 04月 07日 星期日 01:00:01 EDT
2019年 04月 08日 星期一 01:00:01 EDT
2019年 04月 09日 星期二 01:00:01 EDT
2019年 04月 10日 星期三 01:00:01 EDT
2019年 04月 11日 星期四 01:00:01 EDT
2019年 04月 12日 星期五 01:00:01 EDT
2019年 04月 13日 星期六 01:00:01 EDT
2019年 04月 14日 星期日 01:00:01 EDT
2019年 04月 15日 星期一 01:00:01 EDT
2019年 04月 16日 星期二 01:00:01 EDT
2019年 04月 17日 星期三 01:00:01 EDT
2019年 04月 18日 星期四 01:00:01 EDT
2019年 04月 19日 星期五 01:00:01 EDT
2019年 04月 20日 星期六 01:00:01 EDT
2019年 04月 21日 星期日 01:00:01 EDT
2019年 04月 22日 星期一 01:00:01 EDT
2019年 04月 23日 星期二 01:00:01 EDT
2019年 04月 24日 星期三 01:00:01 EDT
2019年 04月 25日 星期四 01:00:01 EDT
2019年 04月 26日 星期五 01:00:01 EDT
2019年 04月 27日 星期六 01:00:01 EDT
2019年 04月 28日 星期日 01:00:01 EDT
2019年 04月 29日 星期一 01:00:01 EDT
2019年 04月 30日 星期二 01:00:01 EDT
2019年 05月 01日 星期三 01:00:01 EDT
2019年 05月 02日 星期四 01:00:01 EDT
2019年 05月 03日 星期五 01:00:01 EDT
2019年 05月 04日 星期六 01:00:01 EDT
2019年 05月 05日 星期日 01:00:01 EDT
2019年 05月 06日 星期一 01:00:01 EDT
2019年 05月 07日 星期二 01:00:01 EDT
2019年 05月 08日 星期三 01:00:01 EDT
2019年 05月 09日 星期四 01:00:01 EDT
2019年 05月 10日 星期五 01:00:01 EDT
2019年 05月 11日 星期六 01:00:01 EDT
2019年 05月 12日 星期日 01:00:01 EDT
2019年 05月 13日 星期一 01:00:01 EDT
2019年 05月 14日 星期二 01:00:01 EDT
2019年 05月 15日 星期三 01:00:01 EDT
2019年 05月 16日 星期四 01:00:01 EDT
2019年 05月 17日 星期五 01:00:01 EDT
2019年 05月 18日 星期六 01:00:01 EDT
2019年 05月 19日 星期日 01:00:01 EDT
2019年 05月 20日 星期一 01:00:01 EDT
2019年 05月 21日 星期二 01:00:01 EDT
2019年 05月 22日 星期三 01:00:01 EDT
2019年 05月 23日 星期四 01:00:01 EDT
2019年 05月 24日 星期五 01:00:01 EDT
2019年 05月 25日 星期六 01:00:01 EDT
2019年 05月 26日 星期日 01:00:01 EDT
2019年 05月 27日 星期一 01:00:01 EDT
2019年 05月 28日 星期二 01:00:02 EDT
2019年 05月 29日 星期三 01:00:01 EDT
2019年 05月 30日 星期四 01:00:01 EDT
2019年 05月 31日 星期五 01:00:01 EDT
2019年 06月 01日 星期六 01:00:01 EDT
2019年 06月 02日 星期日 01:00:01 EDT
2019年 06月 03日 星期一 01:00:01 EDT
2019年 06月 04日 星期二 01:00:01 EDT
2019年 06月 05日 星期三 01:00:01 EDT
2019年 06月 06日 星期四 01:00:01 EDT
2019年 06月 07日 星期五 01:00:01 EDT
2019年 06月 08日 星期六 01:00:01 EDT
2019年 06月 09日 星期日 01:00:01 EDT
2019年 06月 10日 星期一 01:00:01 EDT
2019年 06月 11日 星期二 01:00:01 EDT
2019年 06月 12日 星期三 01:00:01 EDT
2019年 06月 13日 星期四 01:00:01 EDT
2019年 06月 14日 星期五 01:00:01 EDT
2019年 06月 15日 星期六 01:00:01 EDT
2019年 06月 16日 星期日 01:00:01 EDT
2019年 06月 17日 星期一 01:00:01 EDT
2019年 06月 18日 星期二 01:00:01 EDT
2019年 06月 19日 星期三 01:00:01 EDT
2019年 06月 20日 星期四 01:00:01 EDT
2019年 06月 21日 星期五 01:00:01 EDT
2019年 06月 22日 星期六 01:00:01 EDT
2019年 06月 23日 星期日 01:00:01 EDT
2019年 06月 24日 星期一 01:00:01 EDT
2019年 06月 25日 星期二 01:00:01 EDT
2019年 06月 26日 星期三 01:00:01 EDT
2019年 06月 27日 星期四 01:00:01 EDT
2019年 06月 28日 星期五 01:00:01 EDT
2019年 06月 29日 星期六 01:00:01 EDT
2019年 06月 30日 星期日 01:00:01 EDT
2019年 07月 01日 星期一 01:00:01 EDT
2019年 07月 02日 星期二 01:00:01 EDT
2019年 07月 03日 星期三 01:00:01 EDT
2019年 07月 04日 星期四 01:00:01 EDT
2019年 07月 05日 星期五 01:00:01 EDT
2019年 07月 06日 星期六 01:00:01 EDT
2019年 07月 07日 星期日 01:00:01 EDT
2019年 07月 08日 星期一 01:00:01 EDT
2019年 07月 09日 星期二 01:00:01 EDT
2019年 07月 10日 星期三 01:00:01 EDT
2019年 07月 11日 星期四 01:00:01 EDT
2019年 07月 12日 星期五 01:00:01 EDT
2019年 07月 13日 星期六 01:00:01 EDT
2019年 07月 14日 星期日 01:00:01 EDT
2019年 07月 15日 星期一 01:00:01 EDT
2019年 07月 16日 星期二 01:00:01 EDT
2019年 07月 17日 星期三 01:00:01 EDT
2019年 07月 18日 星期四 01:00:01 EDT
2019年 07月 19日 星期五 01:00:01 EDT
2019年 07月 20日 星期六 01:00:01 EDT
2019年 07月 21日 星期日 01:00:01 EDT
2019年 07月 22日 星期一 01:00:01 EDT
2019年 07月 23日 星期二 01:00:01 EDT
2019年 07月 24日 星期三 01:00:01 EDT
2019年 07月 25日 星期四 01:00:01 EDT
2019年 07月 26日 星期五 01:00:01 EDT
2019年 07月 27日 星期六 01:00:01 EDT
2019年 07月 28日 星期日 01:00:01 EDT
2019年 07月 29日 星期一 01:00:01 EDT
2019年 07月 30日 星期二 01:00:01 EDT
2019年 07月 31日 星期三 01:00:01 EDT
2019年 08月 01日 星期四 01:00:01 EDT
2019年 08月 02日 星期五 01:00:01 EDT
2019年 08月 03日 星期六 01:00:01 EDT
2019年 08月 04日 星期日 01:00:01 EDT
2019年 08月 05日 星期一 01:00:01 EDT
2019年 08月 06日 星期二 01:00:01 EDT
2019年 08月 07日 星期三 01:00:01 EDT
2019年 08月 08日 星期四 01:00:01 EDT
2019年 08月 09日 星期五 01:00:01 EDT
2019年 08月 10日 星期六 01:00:01 EDT
2019年 08月 11日 星期日 01:00:01 EDT
2019年 08月 12日 星期一 01:00:01 EDT
2019年 08月 13日 星期二 01:00:01 EDT
2019年 08月 14日 星期三 01:00:01 EDT
2019年 08月 15日 星期四 01:00:01 EDT
2019年 08月 16日 星期五 01:00:01 EDT
2019年 08月 17日 星期六 01:00:01 EDT
2019年 08月 18日 星期日 01:00:01 EDT
2019年 08月 19日 星期一 01:00:01 EDT
2019年 08月 20日 星期二 01:00:01 EDT
2019年 08月 21日 星期三 01:00:01 EDT
2019年 08月 22日 星期四 01:00:01 EDT
2019年 08月 23日 星期五 01:00:01 EDT
2019年 08月 24日 星期六 01:00:01 EDT
2019年 08月 25日 星期日 01:00:01 EDT
2019年 08月 26日 星期一 01:00:01 EDT
2019年 08月 27日 星期二 01:00:01 EDT
2019年 08月 28日 星期三 01:00:01 EDT
2019年 08月 29日 星期四 01:00:01 EDT
2019年 08月 30日 星期五 01:00:01 EDT
2019年 08月 31日 星期六 01:00:01 EDT
2019年 09月 01日 星期日 01:00:01 EDT
2019年 09月 02日 星期一 01:00:01 EDT
2019年 09月 03日 星期二 01:00:01 EDT
2019年 09月 04日 星期三 01:00:02 EDT
2019年 09月 05日 星期四 01:00:01 EDT
2019年 09月 06日 星期五 01:00:01 EDT
2019年 09月 07日 星期六 01:00:01 EDT
2019年 09月 08日 星期日 01:00:01 EDT
2019年 09月 09日 星期一 01:00:01 EDT
2019年 09月 10日 星期二 01:00:01 EDT
2019年 09月 11日 星期三 01:00:01 EDT
2019年 09月 12日 星期四 01:00:01 EDT
2019年 09月 13日 星期五 01:00:01 EDT
2019年 09月 14日 星期六 01:00:01 EDT
2019年 09月 15日 星期日 01:00:01 EDT
2019年 09月 16日 星期一 01:00:01 EDT
2019年 09月 17日 星期二 01:00:01 EDT
2019年 09月 18日 星期三 01:00:01 EDT
2019年 09月 19日 星期四 01:00:01 EDT
2019年 09月 20日 星期五 01:00:01 EDT
2019年 09月 21日 星期六 01:00:01 EDT
2019年 09月 22日 星期日 01:00:01 EDT
2019年 09月 23日 星期一 01:00:01 EDT
2019年 09月 24日 星期二 01:00:01 EDT
2019年 09月 25日 星期三 01:00:01 EDT
2019年 09月 26日 星期四 01:00:01 EDT
2019年 09月 27日 星期五 01:00:01 EDT
2019年 09月 28日 星期六 01:00:01 EDT
2019年 09月 29日 星期日 01:00:01 EDT
2019年 09月 30日 星期一 01:00:01 EDT
2019年 10月 01日 星期二 01:00:01 EDT
2019年 10月 02日 星期三 01:00:01 EDT
2019年 10月 03日 星期四 01:00:01 EDT
2019年 10月 04日 星期五 01:00:01 EDT
2019年 10月 05日 星期六 01:00:01 EDT
2019年 10月 06日 星期日 01:00:01 EDT
2019年 10月 07日 星期一 01:00:01 EDT
2019年 10月 08日 星期二 01:00:01 EDT
2019年 10月 09日 星期三 01:00:01 EDT
2019年 10月 10日 星期四 01:00:01 EDT
2019年 10月 11日 星期五 01:00:01 EDT
2019年 10月 12日 星期六 01:00:01 EDT
2019年 10月 13日 星期日 01:00:01 EDT
2019年 10月 14日 星期一 01:00:01 EDT
2019年 10月 15日 星期二 01:00:01 EDT
2019年 10月 16日 星期三 01:00:01 EDT
2019年 10月 17日 星期四 01:00:01 EDT
2019年 10月 18日 星期五 01:00:01 EDT
2019年 10月 19日 星期六 01:00:01 EDT
2019年 10月 20日 星期日 01:00:01 EDT
2019年 10月 21日 星期一 01:00:01 EDT
2019年 10月 22日 星期二 01:00:01 EDT
2019年 10月 23日 星期三 01:00:01 EDT
2019年 10月 24日 星期四 01:00:01 EDT
2019年 10月 25日 星期五 01:00:01 EDT
2019年 10月 26日 星期六 01:00:01 EDT
2019年 10月 27日 星期日 01:00:01 EDT
2019年 10月 28日 星期一 01:00:01 EDT
2019年 10月 29日 星期二 01:00:01 EDT
2019年 10月 30日 星期三 01:00:01 EDT
2019年 10月 31日 星期四 01:00:01 EDT
2019年 11月 01日 星期五 01:00:01 EDT
2019年 11月 02日 星期六 01:00:01 EDT
2019年 11月 03日 星期日 01:00:01 EDT
2019年 11月 04日 星期一 01:00:01 EST
2019年 11月 05日 星期二 01:00:01 EST
2019年 11月 06日 星期三 01:00:01 EST
2019年 11月 07日 星期四 01:00:01 EST
2019年 11月 08日 星期五 01:00:01 EST
2019年 11月 09日 星期六 01:00:01 EST
2019年 11月 10日 星期日 01:00:01 EST
2019年 11月 11日 星期一 01:00:01 EST
2019年 11月 12日 星期二 01:00:01 EST
2019年 11月 13日 星期三 01:00:01 EST
2019年 11月 14日 星期四 01:00:01 EST
2019年 11月 15日 星期五 01:00:01 EST
2019年 11月 16日 星期六 01:00:01 EST
2019年 11月 17日 星期日 01:00:01 EST
2019年 11月 18日 星期一 01:00:01 EST
2019年 11月 19日 星期二 01:00:01 EST
2019年 11月 20日 星期三 01:00:01 EST
2019年 11月 21日 星期四 01:00:01 EST
2019年 11月 22日 星期五 01:00:01 EST
2019年 11月 23日 星期六 01:00:01 EST
2019年 11月 24日 星期日 01:00:01 EST
2019年 11月 25日 星期一 01:00:01 EST
2019年 11月 26日 星期二 01:00:01 EST
2019年 11月 27日 星期三 01:00:01 EST
2019年 11月 28日 星期四 01:00:01 EST
2019年 11月 29日 星期五 01:00:01 EST
2019年 11月 30日 星期六 01:00:01 EST
2019年 12月 01日 星期日 01:00:01 EST
2019年 12月 02日 星期一 01:00:01 EST
2019年 12月 03日 星期二 01:00:01 EST
2019年 12月 04日 星期三 01:00:01 EST
2019年 12月 05日 星期四 01:00:01 EST
2019年 12月 06日 星期五 01:00:01 EST
2019年 12月 07日 星期六 01:00:01 EST
2019年 12月 08日 星期日 01:00:01 EST
2019年 12月 09日 星期一 01:00:01 EST
2019年 12月 10日 星期二 01:00:01 EST
2019年 12月 11日 星期三 01:00:01 EST
2019年 12月 12日 星期四 01:00:01 EST
2019年 12月 13日 星期五 01:00:01 EST
2019年 12月 14日 星期六 01:00:01 EST
2019年 12月 15日 星期日 01:00:01 EST
2019年 12月 16日 星期一 01:00:01 EST
2019年 12月 17日 星期二 01:00:01 EST
2019年 12月 18日 星期三 01:00:01 EST
2019年 12月 19日 星期四 01:00:01 EST
2019年 12月 20日 星期五 01:00:01 EST
2019年 12月 21日 星期六 01:00:01 EST
2019年 12月 22日 星期日 01:00:01 EST
2019年 12月 23日 星期一 01:00:01 EST
2019年 12月 24日 星期二 01:00:01 EST
2019年 12月 25日 星期三 01:00:01 EST
2019年 12月 26日 星期四 01:00:01 EST
2019年 12月 27日 星期五 01:00:01 EST
2019年 12月 28日 星期六 01:00:01 EST
2019年 12月 29日 星期日 01:00:01 EST
2019年 12月 30日 星期一 01:00:01 EST
2019年 12月 31日 星期二 01:00:01 EST
2020年 01月 01日 星期三 01:00:01 EST
2020年 01月 02日 星期四 01:00:01 EST
2020年 01月 03日 星期五 01:00:01 EST
2020年 01月 04日 星期六 01:00:01 EST
2020年 01月 05日 星期日 01:00:01 EST
2020年 01月 06日 星期一 01:00:01 EST
2020年 01月 07日 星期二 01:00:01 EST
2020年 01月 08日 星期三 01:00:01 EST
2020年 01月 09日 星期四 01:00:01 EST
2020年 01月 10日 星期五 01:00:01 EST
2020年 01月 11日 星期六 01:00:01 EST
2020年 01月 12日 星期日 01:00:01 EST
2020年 01月 13日 星期一 01:00:01 EST
2020年 01月 14日 星期二 01:00:01 EST
2020年 01月 15日 星期三 01:00:01 EST
2020年 01月 16日 星期四 01:00:01 EST
2020年 01月 17日 星期五 01:00:01 EST
2020年 01月 18日 星期六 01:00:01 EST
2020年 01月 19日 星期日 01:00:01 EST
2020年 01月 20日 星期一 01:00:01 EST
2020年 01月 21日 星期二 01:00:01 EST
2020年 01月 22日 星期三 01:00:01 EST
2020年 01月 23日 星期四 01:00:01 EST
2020年 01月 24日 星期五 01:00:01 EST
2020年 01月 25日 星期六 01:00:01 EST
2020年 01月 26日 星期日 01:00:01 EST
2020年 01月 27日 星期一 01:00:01 EST
2020年 01月 28日 星期二 01:00:01 EST
2020年 01月 29日 星期三 01:00:01 EST
2020年 01月 30日 星期四 01:00:01 EST
2020年 01月 31日 星期五 01:00:01 EST
2020年 02月 01日 星期六 01:00:01 EST
2020年 02月 02日 星期日 01:00:01 EST
2020年 02月 03日 星期一 01:00:01 EST
2020年 02月 04日 星期二 01:00:01 EST
2020年 02月 05日 星期三 01:00:01 EST
2020年 02月 06日 星期四 01:00:01 EST
2020年 02月 07日 星期五 01:00:01 EST
2020年 02月 08日 星期六 01:00:01 EST
2020年 02月 09日 星期日 01:00:01 EST
2020年 02月 10日 星期一 01:00:01 EST
2020年 02月 11日 星期二 01:00:01 EST
2020年 02月 12日 星期三 01:00:01 EST
2020年 02月 13日 星期四 01:00:01 EST
2020年 02月 14日 星期五 01:00:01 EST
2020年 02月 15日 星期六 01:00:01 EST
2020年 02月 16日 星期日 01:00:01 EST
2020年 02月 17日 星期一 01:00:01 EST
2020年 02月 18日 星期二 01:00:01 EST
2020年 02月 19日 星期三 01:00:01 EST
2020年 02月 20日 星期四 01:00:01 EST
2020年 02月 21日 星期五 01:00:01 EST
2020年 02月 22日 星期六 01:00:01 EST
2020年 02月 23日 星期日 01:00:01 EST
2020年 02月 24日 星期一 01:00:01 EST
2020年 02月 25日 星期二 01:00:01 EST
2020年 02月 26日 星期三 01:00:01 EST
2020年 02月 27日 星期四 01:00:01 EST
2020年 02月 28日 星期五 01:00:01 EST
2020年 02月 29日 星期六 01:00:01 EST
2020年 03月 01日 星期日 01:00:01 EST
2020年 03月 02日 星期一 01:00:01 EST
2020年 03月 03日 星期二 01:00:01 EST
2020年 03月 04日 星期三 01:00:01 EST
2020年 03月 05日 星期四 01:00:01 EST
2020年 03月 06日 星期五 01:00:01 EST
2020年 03月 07日 星期六 01:00:01 EST
2020年 03月 08日 星期日 01:00:01 EST
2020年 03月 09日 星期一 01:00:01 EDT
2020年 03月 10日 星期二 01:00:01 EDT
2020年 03月 11日 星期三 01:00:01 EDT
2020年 03月 12日 星期四 01:00:01 EDT
2020年 03月 13日 星期五 01:00:01 EDT
2020年 03月 14日 星期六 01:00:01 EDT
2020年 03月 15日 星期日 01:00:01 EDT
2020年 03月 16日 星期一 01:00:01 EDT
2020年 03月 17日 星期二 01:00:01 EDT
2020年 03月 18日 星期三 01:00:01 EDT
2020年 03月 19日 星期四 01:00:01 EDT
2020年 03月 20日 星期五 01:00:01 EDT
2020年 03月 21日 星期六 01:00:01 EDT
2020年 03月 22日 星期日 01:00:01 EDT
2020年 03月 23日 星期一 01:00:01 EDT
2020年 03月 24日 星期二 01:00:01 EDT
2020年 03月 25日 星期三 01:00:01 EDT
2020年 03月 26日 星期四 01:00:01 EDT
2020年 03月 27日 星期五 01:00:01 EDT
2020年 03月 28日 星期六 01:00:01 EDT
2020年 03月 29日 星期日 01:00:01 EDT
2020年 03月 30日 星期一 01:00:01 EDT
2020年 03月 31日 星期二 01:00:01 EDT
2020年 04月 01日 星期三 01:00:01 EDT
2020年 04月 02日 星期四 01:00:01 EDT
2020年 04月 03日 星期五 01:00:01 EDT
2020年 04月 04日 星期六 01:00:01 EDT
2020年 04月 05日 星期日 01:00:01 EDT
2020年 04月 06日 星期一 01:00:01 EDT
2020年 04月 07日 星期二 01:00:01 EDT
2020年 04月 08日 星期三 01:00:01 EDT
2020年 04月 09日 星期四 01:00:01 EDT
2020年 04月 10日 星期五 01:00:01 EDT
2020年 04月 11日 星期六 01:00:01 EDT
2020年 04月 12日 星期日 01:00:01 EDT
2020年 04月 13日 星期一 01:00:01 EDT
2020年 04月 14日 星期二 01:00:01 EDT
2020年 04月 15日 星期三 01:00:01 EDT
2020年 04月 16日 星期四 01:00:01 EDT
2020年 04月 17日 星期五 01:00:01 EDT
2020年 04月 18日 星期六 01:00:01 EDT
2020年 04月 19日 星期日 01:00:01 EDT
2020年 04月 20日 星期一 01:00:01 EDT
2020年 04月 21日 星期二 01:00:01 EDT
2020年 04月 22日 星期三 01:00:01 EDT
2020年 04月 23日 星期四 01:00:01 EDT
2020年 04月 24日 星期五 01:00:01 EDT
2020年 04月 25日 星期六 01:00:01 EDT
2020年 04月 26日 星期日 01:00:01 EDT
2020年 04月 27日 星期一 01:00:01 EDT
2020年 04月 28日 星期二 01:00:01 EDT
2020年 04月 29日 星期三 01:00:01 EDT
2020年 04月 30日 星期四 01:00:01 EDT
2020年 05月 01日 星期五 01:00:01 EDT
2020年 05月 02日 星期六 01:00:01 EDT
2020年 05月 03日 星期日 01:00:01 EDT
2020年 05月 04日 星期一 01:00:01 EDT
2020年 05月 05日 星期二 01:00:01 EDT
2020年 05月 06日 星期三 01:00:01 EDT
2020年 05月 07日 星期四 01:00:01 EDT
2020年 05月 08日 星期五 01:00:01 EDT
2020年 05月 09日 星期六 01:00:02 EDT
2020年 05月 10日 星期日 01:00:01 EDT
2020年 05月 11日 星期一 01:00:01 EDT
2020年 05月 12日 星期二 01:00:01 EDT
2020年 05月 13日 星期三 01:00:01 EDT
2020年 05月 14日 星期四 01:00:01 EDT
2020年 05月 15日 星期五 01:00:01 EDT
2020年 05月 16日 星期六 01:00:01 EDT
2020年 05月 17日 星期日 01:00:01 EDT
2020年 05月 18日 星期一 01:00:01 EDT
2020年 05月 19日 星期二 01:00:01 EDT
2020年 05月 20日 星期三 01:00:01 EDT
2020年 05月 21日 星期四 01:00:01 EDT
2020年 05月 22日 星期五 01:00:01 EDT
2020年 05月 23日 星期六 01:00:01 EDT
2020年 05月 24日 星期日 01:00:01 EDT
2020年 05月 25日 星期一 01:00:01 EDT
2020年 05月 26日 星期二 01:00:01 EDT
2020年 05月 27日 星期三 01:00:01 EDT
2020年 05月 28日 星期四 01:00:01 EDT
2020年 05月 29日 星期五 01:00:01 EDT
2020年 05月 30日 星期六 01:00:01 EDT
2020年 05月 31日 星期日 01:00:01 EDT
2020年 06月 01日 星期一 01:00:01 EDT
2020年 06月 02日 星期二 01:00:01 EDT
2020年 06月 03日 星期三 01:00:01 EDT
2020年 06月 04日 星期四 01:00:01 EDT
2020年 06月 05日 星期五 01:00:01 EDT
2020年 06月 06日 星期六 01:00:01 EDT
2020年 06月 07日 星期日 01:00:01 EDT
2020年 06月 08日 星期一 01:00:01 EDT
2020年 06月 09日 星期二 01:00:01 EDT
2020年 06月 10日 星期三 01:00:01 EDT
2020年 06月 11日 星期四 01:00:01 EDT
2020年 06月 12日 星期五 01:00:01 EDT
2020年 06月 13日 星期六 01:00:01 EDT
2020年 06月 14日 星期日 01:00:01 EDT
2020年 06月 15日 星期一 01:00:01 EDT
2020年 06月 16日 星期二 01:00:01 EDT
2020年 06月 17日 星期三 01:00:01 EDT
2020年 06月 18日 星期四 01:00:01 EDT
2020年 06月 19日 星期五 01:00:01 EDT
2020年 06月 20日 星期六 01:00:01 EDT
2020年 06月 21日 星期日 01:00:01 EDT
2020年 06月 22日 星期一 01:00:01 EDT
2020年 06月 23日 星期二 01:00:01 EDT
2020年 06月 24日 星期三 01:00:01 EDT
2020年 06月 25日 星期四 01:00:01 EDT
2020年 06月 26日 星期五 01:00:01 EDT
2020年 06月 27日 星期六 01:00:01 EDT
2020年 06月 28日 星期日 01:00:01 EDT
2020年 06月 29日 星期一 01:00:01 EDT
2020年 06月 30日 星期二 01:00:01 EDT
2020年 07月 01日 星期三 01:00:01 EDT
2020年 07月 02日 星期四 01:00:01 EDT
2020年 07月 03日 星期五 01:00:01 EDT
2020年 07月 04日 星期六 01:00:01 EDT
2020年 07月 05日 星期日 01:00:01 EDT
2020年 07月 06日 星期一 01:00:01 EDT
2020年 07月 07日 星期二 01:00:01 EDT
2020年 07月 08日 星期三 01:00:01 EDT
2020年 07月 09日 星期四 01:00:01 EDT
2020年 07月 10日 星期五 01:00:01 EDT
2020年 07月 11日 星期六 01:00:01 EDT
2020年 07月 12日 星期日 01:00:01 EDT
2020年 07月 13日 星期一 01:00:01 EDT
2020年 07月 14日 星期二 01:00:01 EDT
2020年 07月 15日 星期三 01:00:01 EDT
2020年 07月 16日 星期四 01:00:01 EDT
2020年 07月 17日 星期五 01:00:01 EDT
2020年 07月 18日 星期六 01:00:01 EDT
2020年 07月 19日 星期日 01:00:01 EDT
2020年 07月 20日 星期一 01:00:01 EDT
2020年 07月 21日 星期二 01:00:01 EDT
2020年 07月 22日 星期三 01:00:01 EDT
2020年 07月 23日 星期四 01:00:01 EDT
2020年 07月 24日 星期五 01:00:01 EDT
2020年 07月 25日 星期六 01:00:01 EDT
2020年 07月 26日 星期日 01:00:01 EDT
2020年 07月 27日 星期一 01:00:01 EDT
2020年 07月 28日 星期二 01:00:01 EDT
2020年 07月 29日 星期三 01:00:01 EDT
2020年 07月 30日 星期四 01:00:01 EDT
2020年 07月 31日 星期五 01:00:01 EDT
2020年 08月 01日 星期六 01:00:01 EDT
2020年 08月 02日 星期日 01:00:01 EDT
2020年 08月 03日 星期一 01:00:01 EDT
2020年 08月 04日 星期二 01:00:01 EDT
2020年 08月 05日 星期三 01:00:01 EDT
2020年 08月 06日 星期四 01:00:01 EDT
2020年 08月 07日 星期五 01:00:01 EDT
2020年 08月 08日 星期六 01:00:01 EDT
2020年 08月 09日 星期日 01:00:01 EDT
2020年 08月 10日 星期一 01:00:01 EDT
2020年 08月 11日 星期二 01:00:01 EDT
2020年 08月 12日 星期三 01:00:01 EDT
2020年 08月 13日 星期四 01:00:01 EDT
2020年 08月 14日 星期五 01:00:01 EDT
2020年 08月 15日 星期六 01:00:01 EDT
2020年 08月 16日 星期日 01:00:01 EDT
2020年 08月 17日 星期一 01:00:01 EDT
2020年 08月 18日 星期二 01:00:01 EDT
2020年 08月 19日 星期三 01:00:01 EDT
2020年 08月 20日 星期四 01:00:01 EDT
2020年 08月 21日 星期五 01:00:01 EDT
2020年 08月 22日 星期六 01:00:01 EDT
2020年 08月 23日 星期日 01:00:01 EDT
2020年 08月 24日 星期一 01:00:01 EDT
2020年 08月 25日 星期二 01:00:01 EDT
2020年 08月 26日 星期三 01:00:01 EDT
2020年 08月 27日 星期四 01:00:01 EDT
2020年 08月 28日 星期五 01:00:01 EDT
2020年 08月 29日 星期六 01:00:01 EDT
2020年 08月 30日 星期日 01:00:01 EDT
2020年 08月 31日 星期一 01:00:01 EDT
2020年 09月 01日 星期二 01:00:01 EDT
2020年 09月 02日 星期三 01:00:01 EDT
2020年 09月 03日 星期四 01:00:01 EDT
2020年 09月 04日 星期五 01:00:01 EDT
2020年 09月 05日 星期六 01:00:01 EDT
2020年 09月 06日 星期日 01:00:01 EDT
2020年 09月 07日 星期一 01:00:01 EDT
2020年 09月 08日 星期二 01:00:01 EDT
2020年 09月 09日 星期三 01:00:01 EDT
2020年 09月 10日 星期四 01:00:01 EDT
2020年 09月 11日 星期五 01:00:01 EDT
2020年 09月 12日 星期六 01:00:01 EDT
2020年 09月 13日 星期日 01:00:01 EDT
2020年 09月 14日 星期一 01:00:01 EDT
2020年 09月 15日 星期二 01:00:01 EDT
2020年 09月 16日 星期三 01:00:01 EDT
2020年 09月 17日 星期四 01:00:01 EDT
2020年 09月 18日 星期五 01:00:01 EDT
2020年 09月 19日 星期六 01:00:01 EDT
2020年 09月 20日 星期日 01:00:01 EDT
2020年 09月 21日 星期一 01:00:01 EDT
2020年 09月 22日 星期二 01:00:01 EDT
2020年 09月 23日 星期三 01:00:01 EDT
2020年 09月 24日 星期四 01:00:01 EDT
2020年 09月 25日 星期五 01:00:01 EDT
2020年 09月 26日 星期六 01:00:01 EDT
2020年 09月 27日 星期日 01:00:01 EDT
2020年 09月 28日 星期一 01:00:01 EDT
2020年 09月 29日 星期二 01:00:01 EDT
2020年 09月 30日 星期三 01:00:01 EDT
2020年 10月 01日 星期四 01:00:01 EDT
2020年 10月 02日 星期五 01:00:01 EDT
2020年 10月 03日 星期六 01:00:01 EDT
2020年 10月 04日 星期日 01:00:01 EDT
2020年 10月 05日 星期一 01:00:01 EDT
2020年 10月 06日 星期二 01:00:01 EDT
2020年 10月 07日 星期三 01:00:01 EDT
2020年 10月 08日 星期四 01:00:01 EDT
2020年 10月 09日 星期五 01:00:01 EDT
2020年 10月 10日 星期六 01:00:01 EDT
2020年 10月 11日 星期日 01:00:01 EDT
2020年 10月 12日 星期一 01:00:01 EDT
2020年 10月 13日 星期二 01:00:01 EDT
2020年 10月 14日 星期三 01:00:01 EDT
2020年 10月 15日 星期四 01:00:01 EDT
2020年 10月 16日 星期五 01:00:01 EDT
2020年 10月 17日 星期六 01:00:01 EDT
2020年 10月 18日 星期日 07:13:17 EDT
2020年 10月 19日 星期一 01:00:01 EDT
2020年 10月 20日 星期二 01:00:01 EDT
2020年 10月 21日 星期三 01:00:01 EDT
2020年 10月 22日 星期四 01:00:01 EDT
2020年 10月 23日 星期五 01:00:01 EDT
2020年 10月 24日 星期六 01:00:01 EDT
2020年 10月 25日 星期日 01:00:01 EDT
2020年 10月 26日 星期一 01:00:01 EDT
2020年 10月 27日 星期二 01:00:01 EDT
2020年 10月 28日 星期三 01:00:01 EDT
2020年 10月 29日 星期四 01:00:01 EDT
2020年 10月 30日 星期五 01:00:01 EDT
2020年 10月 31日 星期六 01:00:01 EDT
2020年 11月 01日 星期日 01:00:01 EDT
2020年 11月 02日 星期一 01:00:01 EST
2020年 11月 03日 星期二 01:00:01 EST
2020年 11月 04日 星期三 01:00:01 EST
2020年 11月 05日 星期四 01:00:01 EST
2020年 11月 06日 星期五 01:00:01 EST
2020年 11月 07日 星期六 01:00:01 EST
2020年 11月 08日 星期日 01:00:01 EST
2020年 11月 09日 星期一 01:00:01 EST
2020年 11月 10日 星期二 01:00:01 EST
2020年 11月 11日 星期三 01:00:01 EST
2020年 11月 12日 星期四 01:00:01 EST
2020年 11月 13日 星期五 01:00:01 EST
2020年 11月 14日 星期六 01:00:01 EST
2020年 11月 15日 星期日 01:00:01 EST
2020年 11月 16日 星期一 01:00:01 EST
2020年 11月 17日 星期二 01:00:01 EST
2020年 11月 18日 星期三 01:00:01 EST
2020年 11月 19日 星期四 01:00:01 EST
2020年 11月 20日 星期五 01:00:01 EST
2020年 11月 21日 星期六 01:00:01 EST
2020年 11月 22日 星期日 01:00:01 EST
2020年 11月 23日 星期一 01:00:01 EST
2020年 11月 24日 星期二 01:00:01 EST
2020年 11月 25日 星期三 01:00:01 EST
2020年 11月 26日 星期四 01:00:01 EST
2020年 11月 27日 星期五 01:00:01 EST
2020年 11月 28日 星期六 01:00:01 EST
2020年 11月 29日 星期日 01:00:01 EST
2020年 11月 30日 星期一 01:00:01 EST
2020年 12月 01日 星期二 01:00:01 EST
2020年 12月 02日 星期三 01:00:01 EST
2020年 12月 03日 星期四 01:00:01 EST
2020年 12月 04日 星期五 01:00:01 EST
2020年 12月 05日 星期六 01:00:01 EST
2020年 12月 06日 星期日 01:00:01 EST
2020年 12月 07日 星期一 01:00:01 EST
2020年 12月 08日 星期二 01:00:01 EST
2020年 12月 09日 星期三 01:00:01 EST
2020年 12月 10日 星期四 01:00:01 EST
2020年 12月 11日 星期五 01:00:01 EST
2020年 12月 12日 星期六 01:00:01 EST
2020年 12月 13日 星期日 01:00:01 EST
2020年 12月 14日 星期一 01:00:01 EST
2020年 12月 15日 星期二 01:00:01 EST
2020年 12月 16日 星期三 01:00:01 EST
2020年 12月 17日 星期四 01:00:01 EST
2020年 12月 18日 星期五 01:00:01 EST
2020年 12月 19日 星期六 01:00:01 EST
2020年 12月 20日 星期日 01:00:01 EST
2020年 12月 21日 星期一 01:00:01 EST
2020年 12月 22日 星期二 01:00:01 EST
2020年 12月 23日 星期三 01:00:01 EST
2020年 12月 24日 星期四 01:00:01 EST
2020年 12月 25日 星期五 01:00:01 EST
2020年 12月 26日 星期六 01:00:01 EST
2020年 12月 27日 星期日 01:00:01 EST
2020年 12月 28日 星期一 01:00:01 EST
2020年 12月 29日 星期二 01:00:01 EST
2020年 12月 30日 星期三 01:00:01 EST
2020年 12月 31日 星期四 01:00:01 EST
2021年 01月 01日 星期五 01:00:01 EST
2021年 01月 02日 星期六 01:00:01 EST
2021年 01月 03日 星期日 01:00:01 EST
2021年 01月 04日 星期一 01:00:01 EST
2021年 01月 05日 星期二 01:00:01 EST
2021年 01月 06日 星期三 01:00:01 EST
2021年 01月 07日 星期四 01:00:01 EST
2021年 01月 08日 星期五 01:00:01 EST
2021年 01月 09日 星期六 01:00:01 EST
2021年 01月 10日 星期日 01:00:01 EST
2021年 01月 11日 星期一 01:00:01 EST
2021年 01月 12日 星期二 01:00:01 EST
2021年 01月 13日 星期三 01:00:01 EST
2021年 01月 14日 星期四 01:00:01 EST
2021年 01月 15日 星期五 01:00:01 EST
2021年 01月 16日 星期六 01:00:01 EST
2021年 01月 17日 星期日 01:00:01 EST
2021年 01月 18日 星期一 01:00:01 EST
2021年 01月 19日 星期二 01:00:01 EST
2021年 01月 20日 星期三 01:00:01 EST
2021年 01月 21日 星期四 01:00:01 EST
2021年 01月 22日 星期五 01:00:01 EST
2021年 01月 23日 星期六 01:00:01 EST
2021年 01月 24日 星期日 01:00:01 EST
2021年 01月 25日 星期一 01:00:01 EST
2021年 01月 26日 星期二 01:00:01 EST
2021年 01月 27日 星期三 01:00:01 EST
2021年 01月 28日 星期四 01:00:01 EST
2021年 01月 29日 星期五 01:00:01 EST
2021年 01月 30日 星期六 01:00:01 EST
2021年 01月 31日 星期日 01:00:01 EST
2021年 02月 01日 星期一 01:00:01 EST
2021年 02月 02日 星期二 01:00:01 EST
2021年 02月 03日 星期三 01:00:01 EST
2021年 02月 04日 星期四 01:00:01 EST
2021年 02月 05日 星期五 01:00:01 EST
2021年 02月 06日 星期六 01:00:01 EST
2021年 02月 07日 星期日 01:00:01 EST
2021年 02月 08日 星期一 01:00:01 EST
2021年 02月 09日 星期二 01:00:01 EST
2021年 02月 10日 星期三 01:00:01 EST
2021年 02月 11日 星期四 01:00:01 EST
2021年 02月 12日 星期五 01:00:01 EST
2021年 02月 13日 星期六 01:00:01 EST
2021年 02月 14日 星期日 01:00:01 EST
2021年 02月 15日 星期一 01:00:01 EST
2021年 02月 16日 星期二 01:00:01 EST
2021年 02月 17日 星期三 01:00:01 EST
2021年 02月 18日 星期四 01:00:01 EST
2021年 02月 19日 星期五 01:00:01 EST
2021年 02月 20日 星期六 01:00:01 EST
2021年 02月 21日 星期日 01:00:01 EST
2021年 02月 22日 星期一 01:00:01 EST
2021年 02月 23日 星期二 01:00:01 EST
2021年 02月 24日 星期三 01:00:01 EST
2021年 02月 25日 星期四 01:00:01 EST
2021年 02月 26日 星期五 01:00:01 EST
2021年 02月 27日 星期六 01:00:01 EST
2021年 02月 28日 星期日 01:00:01 EST
2021年 03月 01日 星期一 01:00:01 EST
2021年 03月 02日 星期二 01:00:01 EST
2021年 03月 03日 星期三 01:00:01 EST
2021年 03月 04日 星期四 01:00:01 EST
2021年 03月 05日 星期五 01:00:01 EST
2021年 03月 06日 星期六 01:00:01 EST
2021年 03月 07日 星期日 01:00:01 EST
2021年 03月 08日 星期一 01:00:01 EST
2021年 03月 09日 星期二 01:00:01 EST
2021年 03月 10日 星期三 01:00:01 EST
2021年 03月 11日 星期四 01:00:01 EST
2021年 03月 12日 星期五 01:00:01 EST
2021年 03月 13日 星期六 01:00:01 EST
2021年 03月 14日 星期日 01:00:01 EST
2021年 03月 15日 星期一 01:00:01 EDT
2021年 03月 16日 星期二 01:00:01 EDT
2021年 03月 17日 星期三 01:00:01 EDT
2021年 03月 18日 星期四 01:00:01 EDT
2021年 03月 19日 星期五 01:00:01 EDT
2021年 03月 20日 星期六 01:00:01 EDT
2021年 03月 21日 星期日 01:00:01 EDT
2021年 03月 22日 星期一 01:00:01 EDT
2021年 03月 23日 星期二 01:00:01 EDT
2021年 03月 24日 星期三 01:00:01 EDT
2021年 03月 25日 星期四 01:00:01 EDT
2021年 03月 26日 星期五 01:00:01 EDT
2021年 03月 27日 星期六 01:00:01 EDT
2021年 03月 28日 星期日 01:00:01 EDT
2021年 03月 29日 星期一 01:00:01 EDT
2021年 03月 30日 星期二 01:00:01 EDT
2021年 03月 31日 星期三 01:00:01 EDT
2021年 04月 01日 星期四 01:00:01 EDT
2021年 04月 02日 星期五 01:00:01 EDT
2021年 04月 03日 星期六 01:00:01 EDT
2021年 04月 04日 星期日 01:00:01 EDT
2021年 04月 05日 星期一 01:00:01 EDT
2021年 04月 06日 星期二 01:00:01 EDT
2021年 04月 07日 星期三 01:00:01 EDT
2021年 04月 08日 星期四 01:00:01 EDT
2021年 04月 09日 星期五 01:00:01 EDT
2021年 04月 10日 星期六 01:00:01 EDT
2021年 04月 11日 星期日 01:00:01 EDT
2021年 04月 12日 星期一 01:00:01 EDT
2021年 04月 13日 星期二 01:00:01 EDT
2021年 04月 14日 星期三 01:00:01 EDT
2021年 04月 15日 星期四 01:00:01 EDT
2021年 04月 16日 星期五 01:00:01 EDT
2021年 04月 17日 星期六 01:00:01 EDT
2021年 04月 18日 星期日 01:00:01 EDT
2021年 04月 19日 星期一 01:00:01 EDT
2021年 04月 20日 星期二 01:00:01 EDT
2021年 04月 21日 星期三 01:00:01 EDT
2021年 04月 22日 星期四 01:00:01 EDT
2021年 04月 23日 星期五 01:00:01 EDT
2021年 04月 24日 星期六 01:00:01 EDT
2021年 04月 25日 星期日 01:00:01 EDT
2021年 04月 26日 星期一 01:00:01 EDT
2021年 04月 27日 星期二 01:00:01 EDT
2021年 04月 28日 星期三 01:00:01 EDT
2021年 04月 29日 星期四 01:00:01 EDT
2021年 04月 30日 星期五 01:00:01 EDT
2021年 05月 01日 星期六 01:00:01 EDT
2021年 05月 02日 星期日 01:00:01 EDT
2021年 05月 03日 星期一 01:00:01 EDT
2021年 05月 04日 星期二 01:00:01 EDT
2021年 05月 05日 星期三 01:00:01 EDT
2021年 05月 06日 星期四 01:00:01 EDT
2021年 05月 07日 星期五 01:00:01 EDT
2021年 05月 08日 星期六 01:00:01 EDT
2021年 05月 09日 星期日 01:00:01 EDT
2021年 05月 10日 星期一 01:00:01 EDT
2021年 05月 11日 星期二 01:00:01 EDT
2021年 05月 12日 星期三 01:00:01 EDT
2021年 05月 13日 星期四 01:00:01 EDT
2021年 05月 14日 星期五 01:00:01 EDT
2021年 05月 15日 星期六 01:00:01 EDT
2021年 05月 16日 星期日 01:00:01 EDT
2021年 05月 17日 星期一 01:00:01 EDT
2021年 05月 18日 星期二 01:00:01 EDT
2021年 05月 19日 星期三 01:00:01 EDT
2021年 05月 20日 星期四 01:00:01 EDT
2021年 05月 21日 星期五 01:00:01 EDT
2021年 05月 22日 星期六 01:00:01 EDT
2021年 05月 23日 星期日 01:00:01 EDT
2021年 05月 24日 星期一 01:00:01 EDT
2021年 05月 25日 星期二 01:00:01 EDT
2021年 05月 26日 星期三 01:00:01 EDT
2021年 05月 27日 星期四 01:00:01 EDT
2021年 05月 28日 星期五 01:00:01 EDT
2021年 05月 29日 星期六 01:00:01 EDT
2021年 05月 30日 星期日 01:00:01 EDT
2021年 05月 31日 星期一 01:00:01 EDT
2021年 06月 01日 星期二 01:00:01 EDT
2021年 06月 02日 星期三 01:00:01 EDT
2021年 06月 03日 星期四 01:00:01 EDT
2021年 06月 04日 星期五 01:00:01 EDT
2021年 06月 05日 星期六 01:00:01 EDT
2021年 06月 06日 星期日 01:00:01 EDT
2021年 06月 07日 星期一 01:00:01 EDT
2021年 06月 08日 星期二 01:00:01 EDT
2021年 06月 09日 星期三 01:00:01 EDT
2021年 06月 10日 星期四 01:00:01 EDT
2021年 06月 11日 星期五 01:00:01 EDT
2021年 06月 12日 星期六 01:00:01 EDT
2021年 06月 13日 星期日 01:00:01 EDT
2021年 06月 14日 星期一 01:00:01 EDT
2021年 06月 15日 星期二 01:00:01 EDT
2021年 06月 16日 星期三 01:00:01 EDT
2021年 06月 17日 星期四 01:00:01 EDT
2021年 06月 18日 星期五 01:00:01 EDT
2021年 06月 19日 星期六 01:00:01 EDT
2021年 06月 20日 星期日 01:00:01 EDT
2021年 06月 21日 星期一 01:00:01 EDT
2021年 06月 22日 星期二 01:00:01 EDT
2021年 06月 23日 星期三 01:00:01 EDT
2021年 06月 24日 星期四 01:00:01 EDT
2021年 06月 25日 星期五 01:00:01 EDT
2021年 06月 26日 星期六 01:00:01 EDT
2021年 06月 27日 星期日 01:00:01 EDT
2021年 06月 28日 星期一 01:00:01 EDT
2021年 06月 29日 星期二 01:00:01 EDT
2021年 06月 30日 星期三 01:00:01 EDT
2021年 07月 01日 星期四 01:00:01 EDT
2021年 07月 02日 星期五 01:00:01 EDT
2021年 07月 03日 星期六 01:00:01 EDT
2021年 07月 04日 星期日 01:00:01 EDT
2021年 07月 05日 星期一 01:00:01 EDT
2021年 07月 06日 星期二 01:00:01 EDT
2021年 07月 07日 星期三 01:00:01 EDT
2021年 07月 08日 星期四 01:00:01 EDT
2021年 07月 09日 星期五 01:00:01 EDT
2021年 07月 10日 星期六 01:00:01 EDT
2021年 07月 11日 星期日 01:00:01 EDT
2021年 07月 12日 星期一 01:00:01 EDT
2021年 07月 13日 星期二 01:00:01 EDT
2021年 07月 14日 星期三 01:00:01 EDT
2021年 07月 15日 星期四 01:00:01 EDT
2021年 07月 16日 星期五 01:00:01 EDT
2021年 07月 17日 星期六 01:00:01 EDT
2021年 07月 18日 星期日 01:00:01 EDT
2021年 07月 19日 星期一 01:00:01 EDT
2021年 07月 20日 星期二 01:00:01 EDT
2021年 07月 21日 星期三 01:00:01 EDT
2021年 07月 22日 星期四 01:00:01 EDT
2021年 07月 23日 星期五 01:00:01 EDT
2021年 07月 24日 星期六 01:00:01 EDT
2021年 07月 25日 星期日 01:00:01 EDT
2021年 07月 26日 星期一 01:00:01 EDT
2021年 07月 27日 星期二 01:00:01 EDT
2021年 07月 28日 星期三 01:00:01 EDT
2021年 07月 29日 星期四 01:00:01 EDT
2021年 07月 30日 星期五 01:00:01 EDT
2021年 07月 31日 星期六 01:00:01 EDT
2021年 08月 01日 星期日 01:00:01 EDT
2021年 08月 02日 星期一 01:00:01 EDT
2021年 08月 03日 星期二 01:00:01 EDT
2021年 08月 04日 星期三 01:00:01 EDT
2021年 08月 05日 星期四 01:00:01 EDT
2021年 08月 06日 星期五 01:00:01 EDT
2021年 08月 07日 星期六 01:00:01 EDT
2021年 08月 08日 星期日 01:00:01 EDT
2021年 08月 09日 星期一 01:00:01 EDT
2021年 08月 10日 星期二 01:00:01 EDT
2021年 08月 11日 星期三 01:00:01 EDT
2021年 08月 12日 星期四 01:00:01 EDT
2021年 08月 13日 星期五 01:00:01 EDT
2021年 08月 14日 星期六 01:00:01 EDT
2021年 08月 15日 星期日 01:00:01 EDT
2021年 08月 16日 星期一 01:00:01 EDT
2021年 08月 17日 星期二 01:00:01 EDT
2021年 08月 18日 星期三 01:00:01 EDT
2021年 08月 19日 星期四 01:00:01 EDT
2021年 08月 20日 星期五 01:00:01 EDT
2021年 08月 21日 星期六 01:00:01 EDT
2021年 08月 22日 星期日 01:00:01 EDT
2021年 08月 23日 星期一 01:00:01 EDT
2021年 08月 24日 星期二 01:00:01 EDT
2021年 08月 25日 星期三 01:00:01 EDT
2021年 08月 26日 星期四 01:00:01 EDT
2021年 08月 27日 星期五 01:00:01 EDT
2021年 08月 28日 星期六 01:00:01 EDT
2021年 08月 29日 星期日 01:00:01 EDT
2021年 08月 30日 星期一 01:00:01 EDT
2021年 08月 31日 星期二 01:00:01 EDT
2021年 09月 01日 星期三 01:00:01 EDT
2021年 09月 02日 星期四 01:00:01 EDT
2021年 09月 03日 星期五 01:00:01 EDT
2021年 09月 04日 星期六 01:00:01 EDT
2021年 09月 05日 星期日 01:00:01 EDT
2021年 09月 06日 星期一 01:00:02 EDT
2021年 09月 07日 星期二 01:00:01 EDT
2021年 09月 08日 星期三 01:00:01 EDT
2021年 09月 09日 星期四 01:00:01 EDT
2021年 09月 10日 星期五 01:00:01 EDT
2021年 09月 11日 星期六 01:00:01 EDT
2021年 09月 12日 星期日 01:00:01 EDT
2021年 09月 13日 星期一 01:00:01 EDT
2021年 09月 14日 星期二 01:00:01 EDT
2021年 09月 15日 星期三 01:00:01 EDT
2021年 09月 16日 星期四 01:00:01 EDT
2021年 09月 17日 星期五 01:00:01 EDT
2021年 09月 18日 星期六 01:00:02 EDT
2021年 09月 19日 星期日 01:00:01 EDT
2021年 09月 20日 星期一 01:00:01 EDT
2021年 09月 21日 星期二 01:00:01 EDT
2021年 09月 22日 星期三 01:00:01 EDT
2021年 09月 23日 星期四 01:00:01 EDT
2021年 09月 24日 星期五 01:00:02 EDT
2021年 09月 25日 星期六 01:00:01 EDT
2021年 09月 26日 星期日 01:00:01 EDT
2021年 09月 27日 星期一 01:00:01 EDT
2021年 09月 28日 星期二 01:00:01 EDT
2021年 09月 29日 星期三 01:00:01 EDT
2021年 09月 30日 星期四 01:00:01 EDT
2021年 10月 01日 星期五 01:00:01 EDT
2021年 10月 02日 星期六 01:00:01 EDT
2021年 10月 03日 星期日 01:00:01 EDT
2021年 10月 04日 星期一 01:00:01 EDT
2021年 10月 05日 星期二 01:00:01 EDT
2021年 10月 06日 星期三 01:00:01 EDT
2021年 10月 07日 星期四 01:00:01 EDT
2021年 10月 08日 星期五 01:00:01 EDT
2021年 10月 09日 星期六 01:00:01 EDT
2021年 10月 10日 星期日 01:00:01 EDT
2021年 10月 11日 星期一 01:00:01 EDT
2021年 10月 12日 星期二 01:00:01 EDT
2021年 10月 13日 星期三 01:00:01 EDT
2021年 10月 14日 星期四 01:00:01 EDT
2021年 10月 15日 星期五 01:00:01 EDT
2021年 10月 16日 星期六 01:00:01 EDT
2021年 10月 17日 星期日 01:00:01 EDT
2021年 10月 18日 星期一 01:00:01 EDT
2021年 10月 19日 星期二 01:00:01 EDT
2021年 10月 20日 星期三 01:00:01 EDT
2021年 10月 21日 星期四 01:00:01 EDT
2021年 10月 22日 星期五 01:00:01 EDT
2021年 10月 23日 星期六 01:00:01 EDT
2021年 10月 24日 星期日 01:00:01 EDT
2021年 10月 25日 星期一 01:00:01 EDT
2021年 10月 26日 星期二 01:00:01 EDT
2021年 10月 27日 星期三 01:00:01 EDT
2021年 10月 28日 星期四 01:00:02 EDT
2021年 10月 29日 星期五 01:00:01 EDT
2021年 10月 30日 星期六 01:00:01 EDT
2021年 10月 31日 星期日 01:00:01 EDT
2021年 11月 01日 星期一 01:00:01 EDT
2021年 11月 02日 星期二 01:00:01 EDT
2021年 11月 03日 星期三 01:00:01 EDT
2021年 11月 04日 星期四 01:00:01 EDT
2021年 11月 05日 星期五 01:00:01 EDT
2021年 11月 06日 星期六 01:00:01 EDT
2021年 11月 07日 星期日 01:00:01 EDT
2021年 11月 08日 星期一 01:00:01 EST
2021年 11月 09日 星期二 01:00:01 EST
2021年 11月 10日 星期三 01:00:01 EST
2021年 11月 11日 星期四 01:00:01 EST
2021年 11月 12日 星期五 01:00:01 EST
2021年 11月 13日 星期六 01:00:02 EST
2021年 11月 14日 星期日 01:00:01 EST
2021年 11月 15日 星期一 01:00:01 EST
2021年 11月 16日 星期二 01:00:01 EST
2021年 11月 17日 星期三 01:00:01 EST
2021年 11月 18日 星期四 01:00:01 EST
2021年 11月 19日 星期五 01:00:01 EST
2021年 11月 20日 星期六 01:00:01 EST
2021年 11月 21日 星期日 01:00:01 EST
2021年 11月 22日 星期一 01:00:01 EST
2021年 11月 23日 星期二 01:00:01 EST
2021年 11月 24日 星期三 01:00:01 EST
2021年 11月 25日 星期四 01:00:01 EST
2021年 11月 26日 星期五 01:00:01 EST
2021年 11月 27日 星期六 01:00:01 EST
2021年 11月 28日 星期日 01:00:01 EST
2021年 11月 29日 星期一 01:00:01 EST
2021年 11月 30日 星期二 01:00:01 EST
2021年 12月 01日 星期三 01:00:01 EST
2021年 12月 02日 星期四 01:00:01 EST
2021年 12月 03日 星期五 01:00:01 EST
2021年 12月 04日 星期六 01:00:01 EST
2021年 12月 05日 星期日 01:00:01 EST
2021年 12月 06日 星期一 01:00:01 EST
2021年 12月 07日 星期二 01:00:01 EST
2021年 12月 08日 星期三 01:00:01 EST
2021年 12月 09日 星期四 01:00:01 EST
2021年 12月 10日 星期五 01:00:01 EST
2021年 12月 11日 星期六 01:00:01 EST
2021年 12月 12日 星期日 01:00:01 EST
2021年 12月 13日 星期一 01:00:01 EST
2021年 12月 14日 星期二 01:00:01 EST
2021年 12月 15日 星期三 01:00:01 EST
2021年 12月 16日 星期四 01:00:01 EST
2021年 12月 17日 星期五 01:00:01 EST
2021年 12月 18日 星期六 01:00:01 EST
2021年 12月 19日 星期日 01:00:01 EST
2021年 12月 20日 星期一 01:00:01 EST
2021年 12月 21日 星期二 01:00:01 EST
2021年 12月 22日 星期三 01:00:01 EST
2021年 12月 23日 星期四 01:00:01 EST
2021年 12月 24日 星期五 01:00:01 EST
2021年 12月 25日 星期六 01:00:01 EST
2021年 12月 26日 星期日 01:00:01 EST
2021年 12月 27日 星期一 01:00:01 EST
2021年 12月 28日 星期二 01:00:01 EST
2021年 12月 29日 星期三 01:00:01 EST
2021年 12月 30日 星期四 01:00:01 EST
2021年 12月 30日 星期四 03:36:35 EST
2021年 12月 31日 星期五 01:00:01 EST
2022年 01月 01日 星期六 01:00:01 EST
2022年 01月 02日 星期日 01:00:01 EST
2022年 01月 03日 星期一 01:00:01 EST
2022年 01月 04日 星期二 01:00:01 EST
2022年 01月 05日 星期三 01:00:01 EST
2022年 01月 06日 星期四 01:00:01 EST
2022年 01月 07日 星期五 01:00:01 EST
2022年 01月 08日 星期六 01:00:01 EST
2022年 01月 09日 星期日 01:00:01 EST
2022年 01月 10日 星期一 01:00:01 EST
2022年 01月 11日 星期二 01:00:01 EST
2022年 01月 12日 星期三 01:00:01 EST
2022年 01月 13日 星期四 01:00:01 EST
2022年 01月 14日 星期五 01:00:01 EST
2022年 01月 15日 星期六 01:00:01 EST
2022年 01月 16日 星期日 01:00:01 EST
2022年 01月 17日 星期一 01:00:01 EST
2022年 01月 18日 星期二 01:00:01 EST
2022年 01月 19日 星期三 01:00:01 EST
2022年 01月 20日 星期四 01:00:01 EST
2022年 01月 21日 星期五 01:00:01 EST
2022年 01月 22日 星期六 01:00:01 EST
2022年 01月 23日 星期日 01:00:01 EST
2022年 01月 24日 星期一 01:00:01 EST
2022年 01月 25日 星期二 01:00:01 EST
2022年 01月 26日 星期三 01:00:01 EST
2022年 01月 27日 星期四 01:00:01 EST
2022年 01月 28日 星期五 01:00:01 EST
2022年 01月 29日 星期六 01:00:01 EST
2022年 01月 30日 星期日 01:00:01 EST
2022年 01月 31日 星期一 01:00:01 EST
2022年 02月 01日 星期二 01:00:01 EST
2022年 02月 02日 星期三 01:00:01 EST
2022年 02月 03日 星期四 01:00:01 EST
2022年 02月 04日 星期五 01:00:01 EST
2022年 02月 05日 星期六 01:00:01 EST
2022年 02月 06日 星期日 01:00:01 EST
2022年 02月 07日 星期一 01:00:01 EST
2022年 02月 08日 星期二 01:00:01 EST
2022年 02月 09日 星期三 01:00:01 EST
2022年 02月 10日 星期四 01:00:01 EST
2022年 02月 11日 星期五 01:00:01 EST
2022年 02月 12日 星期六 01:00:01 EST
2022年 02月 13日 星期日 01:00:01 EST
2022年 02月 14日 星期一 01:00:01 EST
2022年 02月 15日 星期二 01:00:01 EST
2022年 02月 16日 星期三 01:00:01 EST
2022年 02月 17日 星期四 01:00:01 EST
2022年 02月 18日 星期五 01:00:01 EST
2022年 02月 19日 星期六 01:00:01 EST
2022年 02月 20日 星期日 01:00:01 EST
2022年 02月 21日 星期一 01:00:01 EST
2022年 02月 22日 星期二 01:00:01 EST
2022年 02月 23日 星期三 01:00:01 EST
2022年 02月 24日 星期四 01:00:01 EST
2022年 02月 25日 星期五 01:00:01 EST
2022年 02月 26日 星期六 01:00:01 EST
2022年 02月 27日 星期日 01:00:01 EST
2022年 02月 28日 星期一 01:00:01 EST
2022年 03月 01日 星期二 01:00:01 EST
2022年 03月 02日 星期三 01:00:01 EST
2022年 03月 03日 星期四 01:00:01 EST
2022年 03月 04日 星期五 01:00:01 EST
2022年 03月 05日 星期六 01:00:01 EST
2022年 03月 06日 星期日 01:00:01 EST
2022年 03月 07日 星期一 01:00:01 EST
2022年 03月 08日 星期二 01:00:01 EST
2022年 03月 09日 星期三 01:00:01 EST
2022年 03月 10日 星期四 01:00:01 EST
2022年 03月 11日 星期五 01:00:01 EST
2022年 03月 12日 星期六 01:00:01 EST
2022年 03月 13日 星期日 01:00:01 EST
2022年 03月 14日 星期一 01:00:01 EDT
2022年 03月 15日 星期二 01:00:01 EDT
2022年 03月 16日 星期三 01:00:01 EDT
2022年 03月 17日 星期四 01:00:01 EDT
2022年 03月 18日 星期五 01:00:01 EDT
2022年 03月 19日 星期六 01:00:01 EDT
2022年 03月 20日 星期日 01:00:01 EDT
2022年 03月 21日 星期一 01:00:01 EDT
2022年 03月 22日 星期二 01:00:01 EDT
2022年 03月 23日 星期三 01:00:01 EDT
2022年 03月 24日 星期四 01:00:01 EDT
2022年 03月 25日 星期五 01:00:01 EDT
2022年 03月 26日 星期六 01:00:01 EDT
2022年 03月 27日 星期日 01:00:01 EDT
2022年 03月 28日 星期一 01:00:01 EDT
2022年 03月 29日 星期二 01:00:01 EDT
2022年 03月 30日 星期三 01:00:01 EDT
2022年 03月 31日 星期四 01:00:01 EDT
2022年 04月 01日 星期五 01:00:01 EDT
2022年 04月 02日 星期六 01:00:01 EDT
2022年 04月 03日 星期日 01:00:01 EDT
2022年 04月 04日 星期一 01:00:01 EDT
2022年 04月 05日 星期二 01:00:01 EDT
2022年 04月 06日 星期三 01:00:01 EDT
2022年 04月 07日 星期四 01:00:01 EDT
2022年 04月 08日 星期五 01:00:01 EDT
2022年 04月 09日 星期六 01:00:01 EDT
2022年 04月 10日 星期日 01:00:02 EDT
2022年 04月 11日 星期一 01:00:01 EDT
2022年 04月 12日 星期二 01:00:01 EDT
2022年 04月 13日 星期三 01:00:01 EDT
2022年 04月 14日 星期四 01:00:01 EDT
2022年 04月 15日 星期五 01:00:01 EDT
2022年 04月 16日 星期六 01:00:01 EDT
2022年 04月 17日 星期日 01:00:01 EDT
2022年 04月 18日 星期一 01:00:01 EDT
2022年 04月 19日 星期二 01:00:01 EDT
2022年 04月 20日 星期三 01:00:01 EDT
2022年 04月 21日 星期四 01:00:01 EDT
2022年 04月 22日 星期五 01:00:01 EDT
2022年 04月 23日 星期六 01:00:01 EDT
2022年 04月 24日 星期日 01:00:01 EDT
2022年 04月 25日 星期一 01:00:01 EDT
2022年 04月 26日 星期二 01:00:01 EDT
2022年 04月 27日 星期三 01:00:01 EDT
2022年 04月 28日 星期四 01:00:01 EDT
2022年 04月 29日 星期五 01:00:01 EDT
2022年 04月 30日 星期六 01:00:01 EDT
2022年 05月 01日 星期日 01:00:01 EDT
2022年 05月 02日 星期一 01:00:01 EDT
2022年 05月 03日 星期二 01:00:01 EDT
2022年 05月 04日 星期三 01:00:01 EDT
2022年 05月 05日 星期四 01:00:01 EDT
2022年 05月 06日 星期五 01:00:01 EDT
2022年 05月 07日 星期六 01:00:01 EDT
2022年 05月 08日 星期日 01:00:01 EDT
2022年 05月 09日 星期一 01:00:01 EDT
2022年 05月 10日 星期二 01:00:01 EDT
2022年 05月 11日 星期三 01:00:01 EDT
2022年 05月 12日 星期四 01:00:01 EDT
2022年 05月 13日 星期五 01:00:01 EDT
2022年 05月 14日 星期六 01:00:01 EDT
2022年 05月 15日 星期日 01:00:01 EDT
2022年 05月 16日 星期一 01:00:01 EDT
2022年 05月 17日 星期二 01:00:01 EDT
2022年 05月 18日 星期三 01:00:01 EDT
2022年 05月 19日 星期四 01:00:01 EDT
2022年 05月 20日 星期五 01:00:01 EDT
2022年 05月 21日 星期六 01:00:01 EDT
2022年 05月 22日 星期日 01:00:01 EDT
2022年 05月 23日 星期一 01:00:01 EDT
2022年 05月 24日 星期二 01:00:01 EDT
2022年 05月 25日 星期三 01:00:01 EDT
2022年 05月 26日 星期四 01:00:01 EDT
2022年 05月 27日 星期五 01:00:01 EDT
2022年 05月 28日 星期六 01:00:01 EDT
2022年 05月 29日 星期日 01:00:01 EDT
2022年 05月 30日 星期一 01:00:01 EDT
2022年 05月 31日 星期二 01:00:01 EDT
2022年 06月 01日 星期三 01:00:02 EDT
2022年 06月 02日 星期四 01:00:01 EDT
2022年 06月 03日 星期五 01:00:01 EDT
2022年 06月 04日 星期六 01:00:01 EDT
2022年 06月 05日 星期日 01:00:01 EDT
2022年 06月 06日 星期一 01:00:01 EDT
2022年 06月 07日 星期二 01:00:01 EDT
2022年 06月 08日 星期三 01:00:01 EDT
2022年 06月 09日 星期四 01:00:01 EDT
2022年 06月 10日 星期五 01:00:01 EDT
2022年 06月 11日 星期六 01:00:01 EDT
2022年 06月 12日 星期日 01:00:01 EDT
2022年 06月 13日 星期一 01:00:01 EDT
2022年 06月 14日 星期二 01:00:01 EDT
2022年 06月 15日 星期三 01:00:01 EDT
2022年 06月 16日 星期四 01:00:01 EDT
2022年 06月 17日 星期五 01:00:01 EDT
2022年 06月 18日 星期六 01:00:01 EDT
2022年 06月 19日 星期日 01:00:01 EDT
2022年 06月 20日 星期一 01:00:01 EDT
2022年 06月 21日 星期二 01:00:01 EDT
2022年 06月 22日 星期三 01:00:01 EDT
2022年 06月 23日 星期四 01:00:01 EDT
2022年 06月 24日 星期五 01:00:01 EDT
2022年 06月 25日 星期六 01:00:01 EDT
2022年 06月 26日 星期日 01:00:01 EDT
2022年 06月 27日 星期一 01:00:01 EDT
2022年 06月 28日 星期二 01:00:01 EDT
2022年 06月 29日 星期三 01:00:01 EDT
2022年 06月 30日 星期四 01:00:01 EDT
2022年 07月 01日 星期五 01:00:01 EDT
2022年 07月 02日 星期六 01:00:01 EDT
2022年 07月 03日 星期日 01:00:01 EDT
2022年 07月 04日 星期一 01:00:01 EDT
2022年 07月 05日 星期二 01:00:01 EDT
2022年 07月 06日 星期三 01:00:01 EDT
2022年 07月 07日 星期四 01:00:01 EDT
2022年 07月 08日 星期五 01:00:01 EDT
2022年 07月 09日 星期六 01:00:01 EDT
2022年 07月 10日 星期日 01:00:01 EDT
2022年 07月 11日 星期一 01:00:01 EDT
2022年 07月 12日 星期二 01:00:01 EDT
2022年 07月 13日 星期三 01:00:01 EDT
2022年 07月 14日 星期四 01:00:01 EDT
2022年 07月 15日 星期五 01:00:01 EDT
2022年 07月 16日 星期六 01:00:01 EDT
2022年 07月 17日 星期日 01:00:01 EDT
2022年 07月 18日 星期一 01:00:01 EDT
2022年 07月 19日 星期二 01:00:01 EDT
2022年 07月 20日 星期三 01:00:01 EDT
2022年 07月 21日 星期四 01:00:01 EDT
2022年 07月 22日 星期五 01:00:01 EDT
2022年 07月 23日 星期六 01:00:01 EDT
2022年 07月 24日 星期日 01:00:01 EDT
2022年 07月 25日 星期一 01:00:01 EDT
2022年 07月 26日 星期二 01:00:01 EDT
2022年 07月 27日 星期三 01:00:01 EDT
2022年 07月 28日 星期四 01:00:01 EDT
2022年 07月 29日 星期五 01:00:01 EDT
2022年 07月 30日 星期六 01:00:01 EDT
2022年 07月 31日 星期日 01:00:01 EDT
2022年 08月 01日 星期一 01:00:01 EDT
2022年 08月 02日 星期二 01:00:01 EDT
2022年 08月 03日 星期三 01:00:01 EDT
2022年 08月 04日 星期四 01:00:01 EDT
2022年 08月 05日 星期五 01:00:01 EDT
2022年 08月 06日 星期六 01:00:01 EDT
2022年 08月 07日 星期日 01:00:01 EDT
2022年 08月 08日 星期一 01:00:01 EDT
2022年 08月 09日 星期二 01:00:01 EDT
2022年 08月 10日 星期三 01:00:01 EDT
2022年 08月 11日 星期四 01:00:01 EDT
2022年 08月 12日 星期五 01:00:01 EDT
2022年 08月 13日 星期六 01:00:01 EDT
2022年 08月 14日 星期日 01:00:01 EDT
2022年 08月 15日 星期一 01:00:01 EDT
2022年 08月 16日 星期二 01:00:01 EDT
2022年 08月 17日 星期三 01:00:01 EDT
2022年 08月 18日 星期四 01:00:01 EDT
2022年 08月 19日 星期五 01:00:01 EDT
2022年 08月 20日 星期六 01:00:01 EDT
2022年 08月 21日 星期日 01:00:01 EDT
2022年 08月 22日 星期一 01:00:01 EDT
2022年 08月 23日 星期二 01:00:01 EDT
2022年 08月 24日 星期三 01:00:01 EDT
2022年 08月 25日 星期四 01:00:01 EDT
2022年 08月 26日 星期五 01:00:01 EDT
2022年 08月 27日 星期六 01:00:01 EDT
2022年 08月 28日 星期日 01:00:02 EDT
2022年 08月 29日 星期一 01:00:01 EDT
2022年 08月 30日 星期二 01:00:01 EDT
2022年 08月 31日 星期三 01:00:01 EDT
2022年 09月 01日 星期四 01:00:01 EDT
2022年 09月 02日 星期五 01:00:01 EDT
2022年 09月 03日 星期六 01:00:01 EDT
2022年 09月 04日 星期日 01:00:01 EDT
2022年 09月 05日 星期一 01:00:02 EDT
2022年 09月 06日 星期二 01:00:01 EDT
Tue Sep  6 16:26:47 UTC 2022
Mon 12 Sep 2022 12:33:01 PM UTC
Mon Sep 12 12:38:49 UTC 2022
Tue 13 Sep 2022 01:00:01 AM UTC
Wed 14 Sep 2022 01:00:01 AM UTC
Thu 15 Sep 2022 01:00:01 AM UTC
Fri 16 Sep 2022 01:00:01 AM UTC
Sat 17 Sep 2022 01:00:01 AM UTC
Sun 18 Sep 2022 01:00:01 AM UTC
Mon 19 Sep 2022 01:00:01 AM UTC
Tue 20 Sep 2022 01:00:01 AM UTC
Wed 21 Sep 2022 01:00:01 AM UTC
Thu 22 Sep 2022 01:00:01 AM UTC
Fri 23 Sep 2022 01:00:01 AM UTC
Sat 24 Sep 2022 01:00:01 AM UTC
Sun 25 Sep 2022 01:00:01 AM UTC
Mon 26 Sep 2022 01:00:01 AM UTC
Tue 27 Sep 2022 01:00:01 AM UTC
Wed 28 Sep 2022 01:00:01 AM UTC
Thu 29 Sep 2022 01:00:01 AM UTC
Fri 30 Sep 2022 01:00:01 AM UTC
Sat 01 Oct 2022 01:00:01 AM UTC
Sun 02 Oct 2022 01:00:01 AM UTC
Mon 03 Oct 2022 01:00:01 AM UTC
Tue 04 Oct 2022 01:00:01 AM UTC
Wed 05 Oct 2022 01:00:01 AM UTC
Thu 06 Oct 2022 01:00:01 AM UTC
Fri 07 Oct 2022 01:00:01 AM UTC
Sat 08 Oct 2022 01:00:01 AM UTC
Sun 09 Oct 2022 01:00:01 AM UTC
Mon 10 Oct 2022 01:00:01 AM UTC
Tue 11 Oct 2022 01:00:01 AM UTC
Wed 12 Oct 2022 01:00:01 AM UTC
Thu 13 Oct 2022 01:00:01 AM UTC
Fri 14 Oct 2022 01:00:01 AM UTC
Sat 15 Oct 2022 01:00:01 AM UTC
Sun 16 Oct 2022 01:00:01 AM UTC
Mon 17 Oct 2022 01:00:01 AM UTC
Tue 18 Oct 2022 01:00:01 AM UTC
Wed 19 Oct 2022 01:00:01 AM UTC
Thu 20 Oct 2022 01:00:01 AM UTC
Fri 21 Oct 2022 01:00:01 AM UTC
Sat 22 Oct 2022 01:00:01 AM UTC
Sun 23 Oct 2022 01:00:01 AM UTC
Mon 24 Oct 2022 01:00:01 AM UTC
Tue 25 Oct 2022 01:00:01 AM UTC
Wed 26 Oct 2022 01:00:01 AM UTC
Thu 27 Oct 2022 01:00:01 AM UTC
Fri 28 Oct 2022 01:00:01 AM UTC
Sat 29 Oct 2022 01:00:01 AM UTC
Sun 30 Oct 2022 01:00:01 AM UTC
Mon 31 Oct 2022 01:00:01 AM UTC
Tue 01 Nov 2022 01:00:01 AM UTC
Wed 02 Nov 2022 01:00:01 AM UTC
Thu 03 Nov 2022 01:00:01 AM UTC
Fri 04 Nov 2022 01:00:01 AM UTC
Sat 05 Nov 2022 01:00:01 AM UTC
Sun 06 Nov 2022 01:00:01 AM UTC
Mon 07 Nov 2022 01:00:01 AM UTC
Tue 08 Nov 2022 01:00:01 AM UTC
Wed 09 Nov 2022 01:00:01 AM UTC
Thu 10 Nov 2022 01:00:01 AM UTC
Fri 11 Nov 2022 01:00:01 AM UTC
Sat 12 Nov 2022 01:00:01 AM UTC
Sun 13 Nov 2022 01:00:01 AM UTC
Mon 14 Nov 2022 01:00:01 AM UTC
Tue 15 Nov 2022 01:00:01 AM UTC
Wed 16 Nov 2022 01:00:01 AM UTC
Thu 17 Nov 2022 01:00:01 AM UTC
Fri 18 Nov 2022 01:00:01 AM UTC
Sat 19 Nov 2022 01:00:01 AM UTC
Sun 20 Nov 2022 01:00:01 AM UTC
Mon 21 Nov 2022 01:00:01 AM UTC
Tue 22 Nov 2022 01:00:01 AM UTC
Wed 23 Nov 2022 01:00:01 AM UTC
Thu 24 Nov 2022 01:00:01 AM UTC
Fri 25 Nov 2022 01:00:01 AM UTC
Sat 26 Nov 2022 01:00:01 AM UTC
Sun 27 Nov 2022 01:00:01 AM UTC
Mon 28 Nov 2022 01:00:01 AM UTC
Tue 29 Nov 2022 01:00:01 AM UTC
Wed 30 Nov 2022 01:00:01 AM UTC
Thu 01 Dec 2022 01:00:01 AM UTC
Fri 02 Dec 2022 01:00:01 AM UTC
Sat 03 Dec 2022 01:00:01 AM UTC
Sun 04 Dec 2022 01:00:01 AM UTC
Mon 05 Dec 2022 01:00:01 AM UTC
Tue 06 Dec 2022 01:00:01 AM UTC
Wed 07 Dec 2022 01:00:01 AM UTC
Thu 08 Dec 2022 01:00:01 AM UTC
Fri 09 Dec 2022 01:00:01 AM UTC
Sat 10 Dec 2022 01:00:01 AM UTC
Sun 11 Dec 2022 01:00:01 AM UTC
Mon 12 Dec 2022 01:00:01 AM UTC
Tue 13 Dec 2022 01:00:01 AM UTC
Wed 14 Dec 2022 01:00:01 AM UTC
Thu 15 Dec 2022 01:00:01 AM UTC
Fri 16 Dec 2022 01:00:01 AM UTC
Sat 17 Dec 2022 01:00:01 AM UTC
Sun 18 Dec 2022 01:00:01 AM UTC
Mon 19 Dec 2022 01:00:01 AM UTC
Tue 20 Dec 2022 01:00:01 AM UTC
Wed 21 Dec 2022 01:00:01 AM UTC
Thu 22 Dec 2022 01:00:01 AM UTC
Fri 23 Dec 2022 01:00:01 AM UTC
Sat 24 Dec 2022 01:00:01 AM UTC
Sun 25 Dec 2022 01:00:01 AM UTC
Mon 26 Dec 2022 01:00:01 AM UTC
Tue 27 Dec 2022 01:00:02 AM UTC
Wed 28 Dec 2022 01:00:01 AM UTC
Thu 29 Dec 2022 01:00:01 AM UTC
Fri 30 Dec 2022 01:00:02 AM UTC
Sat 31 Dec 2022 01:00:01 AM UTC
Sun 01 Jan 2023 01:00:01 AM UTC
Mon 02 Jan 2023 01:00:01 AM UTC
Tue 03 Jan 2023 01:00:01 AM UTC
Wed 04 Jan 2023 01:00:01 AM UTC
Thu 05 Jan 2023 01:00:01 AM UTC
Fri 06 Jan 2023 01:00:01 AM UTC
Sat 07 Jan 2023 01:00:01 AM UTC
Sun 08 Jan 2023 01:00:01 AM UTC
Mon 09 Jan 2023 01:00:01 AM UTC
Tue 10 Jan 2023 01:00:01 AM UTC
Wed 11 Jan 2023 01:00:01 AM UTC
Thu 12 Jan 2023 01:00:01 AM UTC
Fri 13 Jan 2023 01:00:01 AM UTC
Sat 14 Jan 2023 01:00:01 AM UTC
Sun 15 Jan 2023 01:00:01 AM UTC
Mon 16 Jan 2023 01:00:01 AM UTC
Tue 17 Jan 2023 01:00:01 AM UTC
Wed 18 Jan 2023 01:00:01 AM UTC
Thu 19 Jan 2023 01:00:01 AM UTC
Fri 20 Jan 2023 01:00:01 AM UTC
Sat 21 Jan 2023 01:00:01 AM UTC
Sun 22 Jan 2023 01:00:01 AM UTC
Mon 23 Jan 2023 01:00:01 AM UTC
Tue 24 Jan 2023 01:00:01 AM UTC
Wed 25 Jan 2023 01:00:01 AM UTC
Thu 26 Jan 2023 01:00:01 AM UTC
Fri 27 Jan 2023 01:00:01 AM UTC
Sat 28 Jan 2023 01:00:01 AM UTC
Sun 29 Jan 2023 01:00:01 AM UTC
Mon 30 Jan 2023 01:00:01 AM UTC
Tue 31 Jan 2023 01:00:01 AM UTC
Wed 01 Feb 2023 01:00:01 AM UTC
Thu 02 Feb 2023 01:00:01 AM UTC
Fri 03 Feb 2023 01:00:01 AM UTC
Sat 04 Feb 2023 01:00:01 AM UTC
Sun 05 Feb 2023 01:00:01 AM UTC
Mon 06 Feb 2023 01:00:01 AM UTC
Tue 07 Feb 2023 01:00:01 AM UTC
Wed 08 Feb 2023 01:00:01 AM UTC
Thu 09 Feb 2023 01:00:01 AM UTC
Fri 10 Feb 2023 01:00:01 AM UTC
Sat 11 Feb 2023 01:00:01 AM UTC
Sun 12 Feb 2023 01:00:01 AM UTC
Mon 13 Feb 2023 01:00:01 AM UTC
Tue 14 Feb 2023 01:00:01 AM UTC
Wed 15 Feb 2023 01:00:01 AM UTC
Thu 16 Feb 2023 01:00:01 AM UTC
Fri 17 Feb 2023 01:00:01 AM UTC
Sat 18 Feb 2023 01:00:01 AM UTC
Sun 19 Feb 2023 01:00:01 AM UTC
Mon 20 Feb 2023 01:00:01 AM UTC
Tue 21 Feb 2023 01:00:01 AM UTC
Wed 22 Feb 2023 01:00:01 AM UTC
Thu 23 Feb 2023 01:00:01 AM UTC
Fri 24 Feb 2023 01:00:01 AM UTC
Sat 25 Feb 2023 01:00:01 AM UTC
Sun 26 Feb 2023 01:00:01 AM UTC
Mon 27 Feb 2023 01:00:01 AM UTC
Tue 28 Feb 2023 01:00:01 AM UTC
Wed 01 Mar 2023 01:00:01 AM UTC
Thu 02 Mar 2023 01:00:01 AM UTC
Fri 03 Mar 2023 01:00:01 AM UTC
Sat 04 Mar 2023 01:00:01 AM UTC
Sun 05 Mar 2023 01:00:01 AM UTC
Mon 06 Mar 2023 01:00:01 AM UTC
Tue 07 Mar 2023 01:00:01 AM UTC
Wed 08 Mar 2023 01:00:01 AM UTC
Thu 09 Mar 2023 01:00:01 AM UTC
Fri 10 Mar 2023 01:00:01 AM UTC
Sat 11 Mar 2023 01:00:01 AM UTC
Sun 12 Mar 2023 01:00:01 AM UTC
Mon 13 Mar 2023 01:00:01 AM UTC
Tue 14 Mar 2023 01:00:01 AM UTC
Wed 15 Mar 2023 01:00:01 AM UTC
Thu 16 Mar 2023 01:00:01 AM UTC
Fri 17 Mar 2023 01:00:01 AM UTC
Sat 18 Mar 2023 01:00:01 AM UTC
Sun 19 Mar 2023 01:00:01 AM UTC
Mon 20 Mar 2023 01:00:01 AM UTC
Tue 21 Mar 2023 01:00:01 AM UTC
Wed 22 Mar 2023 01:00:01 AM UTC
Thu 23 Mar 2023 01:00:01 AM UTC
Fri 24 Mar 2023 01:00:01 AM UTC
Sat 25 Mar 2023 01:00:01 AM UTC
Sun 26 Mar 2023 01:00:01 AM UTC
Mon 27 Mar 2023 01:00:01 AM UTC
Tue 28 Mar 2023 01:00:01 AM UTC
Wed 29 Mar 2023 01:00:01 AM UTC
Thu 30 Mar 2023 01:00:01 AM UTC
Fri 31 Mar 2023 01:00:01 AM UTC
Sat 01 Apr 2023 01:00:01 AM UTC
Sun 02 Apr 2023 01:00:01 AM UTC
Mon 03 Apr 2023 01:00:01 AM UTC
Tue 04 Apr 2023 01:00:01 AM UTC
Wed 05 Apr 2023 01:00:01 AM UTC
Thu 06 Apr 2023 01:00:01 AM UTC
Fri 07 Apr 2023 01:00:01 AM UTC
Sat 08 Apr 2023 01:00:01 AM UTC
Sun 09 Apr 2023 01:00:01 AM UTC
Mon 10 Apr 2023 01:00:01 AM UTC
Tue 11 Apr 2023 01:00:02 AM UTC
Wed 12 Apr 2023 01:00:01 AM UTC
Thu 13 Apr 2023 01:00:01 AM UTC
Fri 14 Apr 2023 01:00:01 AM UTC
Sat 15 Apr 2023 01:00:01 AM UTC
Sun 16 Apr 2023 01:00:01 AM UTC
Mon 17 Apr 2023 01:00:01 AM UTC
Tue 18 Apr 2023 01:00:01 AM UTC
